SF:/Users/boga/Work/Margelo/Rive/rive-nitro-react-native-ios-experimental/ios/HybridFallbackFont.swift
FN:6,$s6RNRive18HybridFallbackFontC4fontACSo6UIFontC_tcfc
FNDA:0,$s6RNRive18HybridFallbackFontC4fontACSo6UIFontC_tcfc
FNF:1
FNH:0
DA:6,0
DA:7,0
DA:8,0
DA:9,0
BRF:0
BRH:0
LF:4
LH:0
end_of_record
SF:/Users/boga/Work/Margelo/Rive/rive-nitro-react-native-ios-experimental/ios/BundleDataLoader.swift
FN:4,$s6RNRive16BundleDataLoaderC4load4from10Foundation0C0VAA0C6SourceO_tYaKF
FN:11,$s6RNRive16BundleDataLoaderC04loadC08resource9extension10Foundation0C0VSS_SSSgtKF
FN:19,$s6RNRive16BundleDataLoaderC04loadC08fileName10Foundation0C0VSS_tKF
FNDA:0,$s6RNRive16BundleDataLoaderC4load4from10Foundation0C0VAA0C6SourceO_tYaKF
FNDA:0,$s6RNRive16BundleDataLoaderC04loadC08resource9extension10Foundation0C0VSS_SSSgtKF
FNDA:0,$s6RNRive16BundleDataLoaderC04loadC08fileName10Foundation0C0VSS_tKF
FNF:3
FNH:0
DA:4,0
DA:5,0
DA:6,0
DA:7,0
DA:8,0
DA:9,0
DA:11,0
DA:12,0
DA:13,0
DA:14,0
DA:15,0
DA:16,0
DA:17,0
DA:19,0
DA:20,0
DA:21,0
DA:22,0
DA:23,0
DA:24,0
BRF:0
BRH:0
LF:19
LH:0
end_of_record
SF:/Users/boga/Work/Margelo/Rive/rive-nitro-react-native-ios-experimental/ios/HTTPDataLoader.swift
FN:6,$s6RNRive14HTTPDataLoaderC4load4from10Foundation4DataVAA0G6SourceO_tYaKF
FN:13,$s6RNRive14HTTPDataLoaderC12downloadData4from10Foundation0E0VAF3URLV_tYaKF
FN:25,$s6RNRive14HTTPDataLoaderC12downloadData4from10Foundation0E0VSS_tYaKF
FNDA:0,$s6RNRive14HTTPDataLoaderC4load4from10Foundation4DataVAA0G6SourceO_tYaKF
FNDA:0,$s6RNRive14HTTPDataLoaderC12downloadData4from10Foundation0E0VAF3URLV_tYaKF
FNDA:0,$s6RNRive14HTTPDataLoaderC12downloadData4from10Foundation0E0VSS_tYaKF
FNF:3
FNH:0
DA:6,0
DA:7,0
DA:8,0
DA:9,0
DA:10,0
DA:11,0
DA:13,0
DA:14,0
DA:15,0
DA:16,0
DA:17,0
DA:18,0
DA:19,0
DA:20,0
DA:21,0
DA:22,0
DA:23,0
DA:25,0
DA:26,0
DA:27,0
DA:28,0
DA:29,0
DA:30,0
BRF:0
BRH:0
LF:23
LH:0
end_of_record
SF:/Users/boga/Work/Margelo/Rive/rive-nitro-react-native-ios-experimental/ios/HybridRiveLogger.swift
FN:4,$s6RNRive16HybridRiveLoggerC10setHandler7handleryySS_S2Stc_tKF
FN:8,$s6RNRive16HybridRiveLoggerC12resetHandleryyKF
FN:12,$s6RNRive16HybridRiveLoggerC11setLogLevel5levelySS_tKF
FNDA:0,$s6RNRive16HybridRiveLoggerC10setHandler7handleryySS_S2Stc_tKF
FNDA:0,$s6RNRive16HybridRiveLoggerC12resetHandleryyKF
FNDA:0,$s6RNRive16HybridRiveLoggerC11setLogLevel5levelySS_tKF
FNF:3
FNH:0
DA:4,0
DA:5,0
DA:6,0
DA:8,0
DA:9,0
DA:10,0
DA:12,0
DA:13,0
DA:14,0
DA:15,0
DA:16,0
DA:17,0
BRF:0
BRH:0
LF:12
LH:0
end_of_record
SF:/Users/boga/Work/Margelo/Rive/rive-nitro-react-native-ios-experimental/ios/RiveLog.swift
FN:7,$s6RNRive12RiveLogLevelO1loiySbAC_ACtFZ
FN:11,$s6RNRive12RiveLogLevelO6stringACSgSS_tcfC
FN:26,$s6RNRive7RiveLogO1eyySS_SStFZ
FN:35,$s6RNRive7RiveLogO1wyySS_SStFZ
FN:44,$s6RNRive7RiveLogO1iyySS_SStFZ
FN:53,$s6RNRive7RiveLogO1dyySS_SStFZ
FNDA:0,$s6RNRive12RiveLogLevelO1loiySbAC_ACtFZ
FNDA:0,$s6RNRive12RiveLogLevelO6stringACSgSS_tcfC
FNDA:0,$s6RNRive7RiveLogO1eyySS_SStFZ
FNDA:0,$s6RNRive7RiveLogO1wyySS_SStFZ
FNDA:0,$s6RNRive7RiveLogO1iyySS_SStFZ
FNDA:0,$s6RNRive7RiveLogO1dyySS_SStFZ
FNF:6
FNH:0
DA:7,0
DA:8,0
DA:9,0
DA:11,0
DA:12,0
DA:13,0
DA:14,0
DA:15,0
DA:16,0
DA:17,0
DA:18,0
DA:19,0
DA:26,0
DA:27,0
DA:28,0
DA:29,0
DA:30,0
DA:31,0
DA:32,0
DA:33,0
DA:35,0
DA:36,0
DA:37,0
DA:38,0
DA:39,0
DA:40,0
DA:41,0
DA:42,0
DA:44,0
DA:45,0
DA:46,0
DA:47,0
DA:48,0
DA:49,0
DA:50,0
DA:51,0
DA:53,0
DA:54,0
DA:55,0
DA:56,0
DA:57,0
DA:58,0
DA:59,0
DA:60,0
BRF:0
BRH:0
LF:44
LH:0
end_of_record
SF:/Users/boga/Work/Margelo/Rive/rive-nitro-react-native-ios-experimental/ios/CoverageHelper.swift
FN:14,$s6RNRive14CoverageHelperC5setupyyFZ
FN:21,$s6RNRive14CoverageHelperC5setupyyFZy10Foundation12NotificationVYbcfU_
FN:25,$s6RNRive14CoverageHelperC5setupyyFZy10Foundation12NotificationVYbcfU0_
FN:28,$s6RNRive14CoverageHelperC5setupyyFZyycfU1_
FN:32,$s6RNRive14CoverageHelperC5setupyyFZyyYbcfU2_
FN:33,$s6RNRive14CoverageHelperC5setupyyFZyyYbcfU2_ySo7NSTimerCYbcfU_
FN:41,$s6RNRive14CoverageHelperC5setupyyFZSSyKXEfu_
FN:44,$s6RNRive14CoverageHelperC5flushyyFZ
FN:46,$s6RNRive14CoverageHelperC5flushyyFZySPys4Int8VGXEfU_
FNDA:163,$s6RNRive14CoverageHelperC5setupyyFZ
FNDA:0,$s6RNRive14CoverageHelperC5setupyyFZy10Foundation12NotificationVYbcfU_
FNDA:2,$s6RNRive14CoverageHelperC5setupyyFZy10Foundation12NotificationVYbcfU0_
FNDA:0,$s6RNRive14CoverageHelperC5setupyyFZyycfU1_
FNDA:163,$s6RNRive14CoverageHelperC5setupyyFZyyYbcfU2_
FNDA:13364,$s6RNRive14CoverageHelperC5setupyyFZyyYbcfU2_ySo7NSTimerCYbcfU_
FNDA:0,$s6RNRive14CoverageHelperC5setupyyFZSSyKXEfu_
FNDA:13366,$s6RNRive14CoverageHelperC5flushyyFZ
FNDA:13366,$s6RNRive14CoverageHelperC5flushyyFZySPys4Int8VGXEfU_
FNF:9
FNH:6
DA:14,163
DA:15,163
DA:16,163
DA:17,163
DA:18,163
DA:19,163
DA:20,163
DA:21,163
DA:22,163
DA:23,163
DA:24,163
DA:25,163
DA:26,163
DA:27,163
DA:28,163
DA:29,163
DA:30,163
DA:31,163
DA:32,163
DA:33,13364
DA:34,163
DA:35,163
DA:36,163
DA:37,163
DA:38,163
DA:39,163
DA:40,163
DA:41,163
DA:42,163
DA:44,13366
DA:45,13366
DA:46,13366
DA:47,13366
DA:48,13366
BRF:0
BRH:0
LF:45
LH:42
end_of_record
SF:/Users/boga/Work/Margelo/Rive/rive-nitro-react-native-ios-experimental/ios/HybridRiveImage.swift
FN:8,$s6RNRive15HybridRiveImageC06renderD07rawDataACSo0c6RenderD0C_10Foundation0G0Vtcfc
FN:14,$s6RNRive15HybridRiveImageC8byteSizeSdvg
FNDA:0,$s6RNRive15HybridRiveImageC06renderD07rawDataACSo0c6RenderD0C_10Foundation0G0Vtcfc
FNDA:0,$s6RNRive15HybridRiveImageC8byteSizeSdvg
FNF:2
FNH:0
DA:8,0
DA:9,0
DA:10,0
DA:11,0
DA:12,0
DA:14,0
DA:15,0
DA:16,0
BRF:0
BRH:0
LF:8
LH:0
end_of_record
SF:/Users/boga/Work/Margelo/Rive/rive-nitro-react-native-ios-experimental/ios/HybridRiveFontConfig.swift
FN:9,$s6RNRive20HybridRiveFontConfigC04loadD7FromURL3url12NitroModules7PromiseCyAA0b8FallbackD13Spec_protocol_AA0bmdN5_baseCXcGSS_tKF
FN:10,$s6RNRive20HybridRiveFontConfigC04loadD7FromURL3url12NitroModules7PromiseCyAA0b8FallbackD13Spec_protocol_AA0bmdN5_baseCXcGSS_tKFAaI_AKXcyYaKcfU_
FN:20,$s6RNRive20HybridRiveFontConfigC04loadD12FromResource8resourceAA0b8FallbackD13Spec_protocol_AA0bjdK5_baseCXcSS_tKF
FN:33,$s6RNRive20HybridRiveFontConfigC04loadD9FromBytes5bytesAA0b8FallbackD13Spec_protocol_AA0bjdK5_baseCXcSo7margeloO5nitroO17ArrayBufferHolderV_tKF
FN:39,$s6RNRive20HybridRiveFontConfigC04loadD6ByName4nameAA0b8FallbackD13Spec_protocol_AA0bjdK5_baseCXcSS_tKF
FN:46,$s6RNRive20HybridRiveFontConfigC016getSystemDefaultD0AA0b8FallbackD13Spec_protocol_AA0bidJ5_baseCXcyKF
FN:50,$s6RNRive20HybridRiveFontConfigC17setFontsForWeight6weight5fontsySd_SayAA0b8FallbackD13Spec_protocol_AA0bldM5_baseCXcGtKF
FN:55,$s6RNRive20HybridRiveFontConfigC18applyFallbackFonts12NitroModules7PromiseCyytGyKF
FN:56,$s6RNRive20HybridRiveFontConfigC18applyFallbackFonts12NitroModules7PromiseCyytGyKFyyYacfU_
FN:58,$s6RNRive20HybridRiveFontConfigC18applyFallbackFonts12NitroModules7PromiseCyytGyKFyyYacfU_Say0C7Runtime0cgD8Provider_pGSo0cD5StyleCcfU_
FN:60,$s6RNRive20HybridRiveFontConfigC18applyFallbackFonts12NitroModules7PromiseCyytGyKFyyYacfU_Say0C7Runtime0cgD8Provider_pGSo0cD5StyleCcfU_SayAA0bgD13Spec_protocol_AA0bgdO5_baseCXcGyKXEfu_
FN:60,$s6RNRive20HybridRiveFontConfigC18applyFallbackFonts12NitroModules7PromiseCyytGyKFyyYacfU_Say0C7Runtime0cgD8Provider_pGSo0cD5StyleCcfU_SayAA0bgD13Spec_protocol_AA0bgdO5_baseCXcGyKXEfu_AQyKXEfu0_
FN:61,$s6RNRive20HybridRiveFontConfigC18applyFallbackFonts12NitroModules7PromiseCyytGyKFyyYacfU_Say0C7Runtime0cgD8Provider_pGSo0cD5StyleCcfU_AiJ_pSgAA0bgD13Spec_protocol_AA0bgdO5_baseCXcXEfU_
FN:75,$s6RNRive20HybridRiveFontConfigC18clearFallbackFonts12NitroModules7PromiseCyytGyKF
FN:76,$s6RNRive20HybridRiveFontConfigC18clearFallbackFonts12NitroModules7PromiseCyytGyKFyyYacfU_
FN:78,$s6RNRive20HybridRiveFontConfigC18clearFallbackFonts12NitroModules7PromiseCyytGyKFyyYacfU_Say0C7Runtime0cgD8Provider_pGSo0cD5StyleCcfU_
FN:83,$s6RNRive20HybridRiveFontConfigC12createUIFont33_B2D11C3885E64FFF88806279CD61E0F1LL4fromSo0G0C10Foundation4DataV_tKFZ
FN:93,$s6RNRive20HybridRiveFontConfigC12createUIFont33_B2D11C3885E64FFF88806279CD61E0F1LL4fromSo0G0C10Foundation4DataV_tKFZSSSo10CFErrorRefaXEfU_
FN:93,$s6RNRive20HybridRiveFontConfigC12createUIFont33_B2D11C3885E64FFF88806279CD61E0F1LL4fromSo0G0C10Foundation4DataV_tKFZSSyKXEfu_
FN:96,$s6RNRive20HybridRiveFontConfigC12createUIFont33_B2D11C3885E64FFF88806279CD61E0F1LL4fromSo0G0C10Foundation4DataV_tKFZSSyKXEfu0_
FNDA:0,$s6RNRive20HybridRiveFontConfigC04loadD7FromURL3url12NitroModules7PromiseCyAA0b8FallbackD13Spec_protocol_AA0bmdN5_baseCXcGSS_tKF
FNDA:0,$s6RNRive20HybridRiveFontConfigC04loadD7FromURL3url12NitroModules7PromiseCyAA0b8FallbackD13Spec_protocol_AA0bmdN5_baseCXcGSS_tKFAaI_AKXcyYaKcfU_
FNDA:0,$s6RNRive20HybridRiveFontConfigC04loadD12FromResource8resourceAA0b8FallbackD13Spec_protocol_AA0bjdK5_baseCXcSS_tKF
FNDA:0,$s6RNRive20HybridRiveFontConfigC04loadD9FromBytes5bytesAA0b8FallbackD13Spec_protocol_AA0bjdK5_baseCXcSo7margeloO5nitroO17ArrayBufferHolderV_tKF
FNDA:0,$s6RNRive20HybridRiveFontConfigC04loadD6ByName4nameAA0b8FallbackD13Spec_protocol_AA0bjdK5_baseCXcSS_tKF
FNDA:0,$s6RNRive20HybridRiveFontConfigC016getSystemDefaultD0AA0b8FallbackD13Spec_protocol_AA0bidJ5_baseCXcyKF
FNDA:0,$s6RNRive20HybridRiveFontConfigC17setFontsForWeight6weight5fontsySd_SayAA0b8FallbackD13Spec_protocol_AA0bldM5_baseCXcGtKF
FNDA:0,$s6RNRive20HybridRiveFontConfigC18applyFallbackFonts12NitroModules7PromiseCyytGyKF
FNDA:0,$s6RNRive20HybridRiveFontConfigC18applyFallbackFonts12NitroModules7PromiseCyytGyKFyyYacfU_
FNDA:0,$s6RNRive20HybridRiveFontConfigC18applyFallbackFonts12NitroModules7PromiseCyytGyKFyyYacfU_Say0C7Runtime0cgD8Provider_pGSo0cD5StyleCcfU_
FNDA:0,$s6RNRive20HybridRiveFontConfigC18applyFallbackFonts12NitroModules7PromiseCyytGyKFyyYacfU_Say0C7Runtime0cgD8Provider_pGSo0cD5StyleCcfU_SayAA0bgD13Spec_protocol_AA0bgdO5_baseCXcGyKXEfu_
FNDA:0,$s6RNRive20HybridRiveFontConfigC18applyFallbackFonts12NitroModules7PromiseCyytGyKFyyYacfU_Say0C7Runtime0cgD8Provider_pGSo0cD5StyleCcfU_SayAA0bgD13Spec_protocol_AA0bgdO5_baseCXcGyKXEfu_AQyKXEfu0_
FNDA:0,$s6RNRive20HybridRiveFontConfigC18applyFallbackFonts12NitroModules7PromiseCyytGyKFyyYacfU_Say0C7Runtime0cgD8Provider_pGSo0cD5StyleCcfU_AiJ_pSgAA0bgD13Spec_protocol_AA0bgdO5_baseCXcXEfU_
FNDA:0,$s6RNRive20HybridRiveFontConfigC18clearFallbackFonts12NitroModules7PromiseCyytGyKF
FNDA:0,$s6RNRive20HybridRiveFontConfigC18clearFallbackFonts12NitroModules7PromiseCyytGyKFyyYacfU_
FNDA:0,$s6RNRive20HybridRiveFontConfigC18clearFallbackFonts12NitroModules7PromiseCyytGyKFyyYacfU_Say0C7Runtime0cgD8Provider_pGSo0cD5StyleCcfU_
FNDA:0,$s6RNRive20HybridRiveFontConfigC12createUIFont33_B2D11C3885E64FFF88806279CD61E0F1LL4fromSo0G0C10Foundation4DataV_tKFZ
FNDA:0,$s6RNRive20HybridRiveFontConfigC12createUIFont33_B2D11C3885E64FFF88806279CD61E0F1LL4fromSo0G0C10Foundation4DataV_tKFZSSSo10CFErrorRefaXEfU_
FNDA:0,$s6RNRive20HybridRiveFontConfigC12createUIFont33_B2D11C3885E64FFF88806279CD61E0F1LL4fromSo0G0C10Foundation4DataV_tKFZSSyKXEfu_
FNDA:0,$s6RNRive20HybridRiveFontConfigC12createUIFont33_B2D11C3885E64FFF88806279CD61E0F1LL4fromSo0G0C10Foundation4DataV_tKFZSSyKXEfu0_
FNF:20
FNH:0
DA:9,0
DA:10,0
DA:11,0
DA:12,0
DA:13,0
DA:14,0
DA:15,0
DA:16,0
DA:17,0
DA:18,0
DA:20,0
DA:21,0
DA:22,0
DA:23,0
DA:24,0
DA:25,0
DA:26,0
DA:27,0
DA:28,0
DA:29,0
DA:30,0
DA:31,0
DA:33,0
DA:34,0
DA:35,0
DA:36,0
DA:37,0
DA:39,0
DA:40,0
DA:41,0
DA:42,0
DA:43,0
DA:44,0
DA:46,0
DA:47,0
DA:48,0
DA:50,0
DA:51,0
DA:52,0
DA:53,0
DA:55,0
DA:56,0
DA:57,0
DA:58,0
DA:59,0
DA:60,0
DA:61,0
DA:62,0
DA:63,0
DA:64,0
DA:65,0
DA:66,0
DA:67,0
DA:68,0
DA:69,0
DA:70,0
DA:71,0
DA:72,0
DA:73,0
DA:75,0
DA:76,0
DA:77,0
DA:78,0
DA:79,0
DA:80,0
DA:81,0
DA:83,0
DA:84,0
DA:85,0
DA:86,0
DA:87,0
DA:88,0
DA:89,0
DA:90,0
DA:91,0
DA:92,0
DA:93,0
DA:94,0
DA:95,0
DA:96,0
DA:97,0
DA:98,0
DA:99,0
DA:100,0
DA:101,0
DA:102,0
DA:103,0
DA:104,0
DA:105,0
DA:106,0
DA:107,0
DA:108,0
BRF:0
BRH:0
LF:152
LH:0
end_of_record
SF:/Users/boga/Work/Margelo/Rive/rive-nitro-react-native-ios-experimental/ios/BytesDataLoader.swift
FN:4,$s6RNRive15BytesDataLoaderC4load4from10Foundation0C0VAA0C6SourceO_tYaKF
FNDA:0,$s6RNRive15BytesDataLoaderC4load4from10Foundation0C0VAA0C6SourceO_tYaKF
FNF:1
FNH:0
DA:4,0
DA:5,0
DA:6,0
DA:7,0
DA:8,0
DA:9,0
BRF:0
BRH:0
LF:6
LH:0
end_of_record
SF:/Users/boga/Work/Margelo/Rive/rive-nitro-react-native-ios-experimental/ios/DataSourceResolver.swift
FN:4,$s6RNRive18DataSourceResolverV7resolve4fromAA0bC0OSgSo7margeloO5nitroO4riveO23ResolvedReferencedAssetV_tKFZ
FN:20,$s6RNRive18DataSourceResolverV14resolveFromUrl33_20BFDDF7DFCED1027DD2BB14AF33321FLLyAA0bC0OSSKFZ
FN:29,$s6RNRive18DataSourceResolverV14resolveFromUrl33_20BFDDF7DFCED1027DD2BB14AF33321FLLyAA0bC0OSSKFZSbyKXEfu_
FN:36,$s6RNRive18DataSourceResolverV18resolveFromAssetId33_20BFDDF7DFCED1027DD2BB14AF33321FLLyAA0bC0OSSKFZ
FN:45,$s6RNRive18DataSourceResolverV18resolveFromAssetId33_20BFDDF7DFCED1027DD2BB14AF33321FLLyAA0bC0OSSKFZSbyKXEfu_
FN:52,$s6RNRive18DataSourceResolverV011resolveFromC5Asset33_20BFDDF7DFCED1027DD2BB14AF33321FLLyAA0bC0OSSFZ
FNDA:0,$s6RNRive18DataSourceResolverV7resolve4fromAA0bC0OSgSo7margeloO5nitroO4riveO23ResolvedReferencedAssetV_tKFZ
FNDA:0,$s6RNRive18DataSourceResolverV14resolveFromUrl33_20BFDDF7DFCED1027DD2BB14AF33321FLLyAA0bC0OSSKFZ
FNDA:0,$s6RNRive18DataSourceResolverV14resolveFromUrl33_20BFDDF7DFCED1027DD2BB14AF33321FLLyAA0bC0OSSKFZSbyKXEfu_
FNDA:0,$s6RNRive18DataSourceResolverV18resolveFromAssetId33_20BFDDF7DFCED1027DD2BB14AF33321FLLyAA0bC0OSSKFZ
FNDA:0,$s6RNRive18DataSourceResolverV18resolveFromAssetId33_20BFDDF7DFCED1027DD2BB14AF33321FLLyAA0bC0OSSKFZSbyKXEfu_
FNDA:0,$s6RNRive18DataSourceResolverV011resolveFromC5Asset33_20BFDDF7DFCED1027DD2BB14AF33321FLLyAA0bC0OSSFZ
FNF:6
FNH:0
DA:4,0
DA:5,0
DA:6,0
DA:7,0
DA:8,0
DA:9,0
DA:10,0
DA:11,0
DA:12,0
DA:13,0
DA:14,0
DA:15,0
DA:16,0
DA:17,0
DA:18,0
DA:20,0
DA:21,0
DA:22,0
DA:23,0
DA:24,0
DA:25,0
DA:26,0
DA:27,0
DA:28,0
DA:29,0
DA:30,0
DA:31,0
DA:32,0
DA:33,0
DA:34,0
DA:36,0
DA:37,0
DA:38,0
DA:39,0
DA:40,0
DA:41,0
DA:42,0
DA:43,0
DA:44,0
DA:45,0
DA:46,0
DA:47,0
DA:48,0
DA:49,0
DA:50,0
DA:52,0
DA:53,0
DA:54,0
BRF:0
BRH:0
LF:50
LH:0
end_of_record
SF:/Users/boga/Work/Margelo/Rive/rive-nitro-react-native-ios-experimental/ios/FileDataLoader.swift
FN:4,$s6RNRive14FileDataLoaderC4load4from10Foundation0C0VAA0C6SourceO_tYaKF
FN:11,$s6RNRive14FileDataLoaderC04loadC04from10Foundation0C0VAF3URLV_tKF
FN:18,$s6RNRive14FileDataLoaderC04loadC04from10Foundation0C0VSS_tKF
FNDA:0,$s6RNRive14FileDataLoaderC4load4from10Foundation0C0VAA0C6SourceO_tYaKF
FNDA:0,$s6RNRive14FileDataLoaderC04loadC04from10Foundation0C0VAF3URLV_tKF
FNDA:0,$s6RNRive14FileDataLoaderC04loadC04from10Foundation0C0VSS_tKF
FNF:3
FNH:0
DA:4,0
DA:5,0
DA:6,0
DA:7,0
DA:8,0
DA:9,0
DA:11,0
DA:12,0
DA:13,0
DA:14,0
DA:15,0
DA:16,0
DA:18,0
DA:19,0
DA:20,0
DA:21,0
DA:22,0
DA:23,0
BRF:0
BRH:0
LF:18
LH:0
end_of_record
SF:/Users/boga/Work/Margelo/Rive/rive-nitro-react-native-ios-experimental/ios/RCTLog.swift
FN:1,$s6RNRive11RCTLogErroryySS_SSSutF
FN:2,$s6RNRive11RCTLogErroryySS_SSSutFyyScMYccfU_
FN:7,$s6RNRive10RCTLogWarnyySS_SSSutF
FN:8,$s6RNRive10RCTLogWarnyySS_SSSutFyyScMYccfU_
FN:13,$s6RNRive10RCTLogInfoyySS_SSSutF
FN:14,$s6RNRive10RCTLogInfoyySS_SSSutFyyScMYccfU_
FN:19,$s6RNRive6RCTLogyySS_SSSutF
FN:20,$s6RNRive6RCTLogyySS_SSSutFyyScMYccfU_
FN:25,$s6RNRive11RCTLogTraceyySS_SSSutF
FN:26,$s6RNRive11RCTLogTraceyySS_SSSutFyyScMYccfU_
FNDA:0,$s6RNRive11RCTLogErroryySS_SSSutF
FNDA:0,$s6RNRive11RCTLogErroryySS_SSSutFyyScMYccfU_
FNDA:0,$s6RNRive10RCTLogWarnyySS_SSSutF
FNDA:0,$s6RNRive10RCTLogWarnyySS_SSSutFyyScMYccfU_
FNDA:0,$s6RNRive10RCTLogInfoyySS_SSSutF
FNDA:0,$s6RNRive10RCTLogInfoyySS_SSSutFyyScMYccfU_
FNDA:0,$s6RNRive6RCTLogyySS_SSSutF
FNDA:0,$s6RNRive6RCTLogyySS_SSSutFyyScMYccfU_
FNDA:0,$s6RNRive11RCTLogTraceyySS_SSSutF
FNDA:0,$s6RNRive11RCTLogTraceyySS_SSSutFyyScMYccfU_
FNF:10
FNH:0
DA:1,0
DA:2,0
DA:3,0
DA:4,0
DA:5,0
DA:7,0
DA:8,0
DA:9,0
DA:10,0
DA:11,0
DA:13,0
DA:14,0
DA:15,0
DA:16,0
DA:17,0
DA:19,0
DA:20,0
DA:21,0
DA:22,0
DA:23,0
DA:25,0
DA:26,0
DA:27,0
DA:28,0
DA:29,0
BRF:0
BRH:0
LF:40
LH:0
end_of_record
SF:/Users/boga/Work/Margelo/Rive/rive-nitro-react-native-ios-experimental/ios/HybridRiveRuntime.swift
FN:4,$s6RNRive17HybridRiveRuntimeC13isInitializedSbvg
FN:6,$s6RNRive17HybridRiveRuntimeC9initErrorSSSgvg
FN:8,$s6RNRive17HybridRiveRuntimeC10initialize12NitroModules7PromiseCyytGyKF
FNDA:0,$s6RNRive17HybridRiveRuntimeC13isInitializedSbvg
FNDA:0,$s6RNRive17HybridRiveRuntimeC9initErrorSSSgvg
FNDA:0,$s6RNRive17HybridRiveRuntimeC10initialize12NitroModules7PromiseCyytGyKF
FNF:3
FNH:0
DA:4,0
DA:6,0
DA:8,0
DA:9,0
DA:10,0
BRF:0
BRH:0
LF:5
LH:0
end_of_record
SF:/Users/boga/Work/Margelo/Rive/rive-nitro-react-native-ios-experimental/ios/HybridRiveImageFactory.swift
FN:5,$s6RNRive22HybridRiveImageFactoryC18loadFromDataSource33_D8391EE88CD4650020E92C363ADA2101LLy12NitroModules7PromiseCyAA0bcD13Spec_protocol_AA0bcdS5_baseCXcGAA0hI0OF
FN:6,$s6RNRive22HybridRiveImageFactoryC18loadFromDataSource33_D8391EE88CD4650020E92C363ADA2101LLy12NitroModules7PromiseCyAA0bcD13Spec_protocol_AA0bcdS5_baseCXcGAA0hI0OFAaI_AKXcyYaKcfU_
FN:15,$s6RNRive22HybridRiveImageFactoryC16loadFromURLAsync3url12NitroModules7PromiseCyAA0bcD13Spec_protocol_AA0bcdM5_baseCXcGSS_tKF
FN:19,$s6RNRive22HybridRiveImageFactoryC21loadFromResourceAsync8resource12NitroModules7PromiseCyAA0bcD13Spec_protocol_AA0bcdN5_baseCXcGSS_tKF
FN:23,$s6RNRive22HybridRiveImageFactoryC18loadFromBytesAsync5bytes12NitroModules7PromiseCyAA0bcD13Spec_protocol_AA0bcdN5_baseCXcGSo7margeloO5nitroO17ArrayBufferHolderV_tKF
FNDA:0,$s6RNRive22HybridRiveImageFactoryC18loadFromDataSource33_D8391EE88CD4650020E92C363ADA2101LLy12NitroModules7PromiseCyAA0bcD13Spec_protocol_AA0bcdS5_baseCXcGAA0hI0OF
FNDA:0,$s6RNRive22HybridRiveImageFactoryC18loadFromDataSource33_D8391EE88CD4650020E92C363ADA2101LLy12NitroModules7PromiseCyAA0bcD13Spec_protocol_AA0bcdS5_baseCXcGAA0hI0OFAaI_AKXcyYaKcfU_
FNDA:0,$s6RNRive22HybridRiveImageFactoryC16loadFromURLAsync3url12NitroModules7PromiseCyAA0bcD13Spec_protocol_AA0bcdM5_baseCXcGSS_tKF
FNDA:0,$s6RNRive22HybridRiveImageFactoryC21loadFromResourceAsync8resource12NitroModules7PromiseCyAA0bcD13Spec_protocol_AA0bcdN5_baseCXcGSS_tKF
FNDA:0,$s6RNRive22HybridRiveImageFactoryC18loadFromBytesAsync5bytes12NitroModules7PromiseCyAA0bcD13Spec_protocol_AA0bcdN5_baseCXcGSo7margeloO5nitroO17ArrayBufferHolderV_tKF
FNF:5
FNH:0
DA:5,0
DA:6,0
DA:7,0
DA:8,0
DA:9,0
DA:10,0
DA:11,0
DA:12,0
DA:13,0
DA:15,0
DA:16,0
DA:17,0
DA:19,0
DA:20,0
DA:21,0
DA:23,0
DA:24,0
DA:25,0
BRF:0
BRH:0
LF:25
LH:0
end_of_record
SF:/Users/boga/Work/Margelo/Rive/rive-nitro-react-native-ios-experimental/ios/new/HybridViewModelNumberProperty.swift
FN:7,$s6RNRive29HybridViewModelNumberPropertyC13listenerTasks33_157A1B878DE94646ABEBDDA3DD24B256LLSDy10Foundation4UUIDVScTyyts5NeverOGGvpfi
FN:9,$s6RNRive29HybridViewModelNumberPropertyC8instance4pathAC11RiveRuntime0cD8InstanceC_SStcfc
FN:17,$s6RNRive29HybridViewModelNumberPropertyC5valueSdvg
FN:20,$s6RNRive29HybridViewModelNumberPropertyC5valueSdvgSdyYaKScMYccfU_
FN:26,$s6RNRive29HybridViewModelNumberPropertyC5valueSdvs
FN:29,$s6RNRive29HybridViewModelNumberPropertyC3set5valueySd_tKF
FN:33,$s6RNRive29HybridViewModelNumberPropertyC3set5valueySd_tKFyyYaScMYccfU_
FN:38,$s6RNRive29HybridViewModelNumberPropertyC13getValueAsync12NitroModules7PromiseCySdGyKF
FN:41,$s6RNRive29HybridViewModelNumberPropertyC13getValueAsync12NitroModules7PromiseCySdGyKFSdyYaKcfU_
FN:46,$s6RNRive29HybridViewModelNumberPropertyC11addListener9onChangedyycySdc_tKF
FN:48,$s6RNRive29HybridViewModelNumberPropertyC11addListener9onChangedyycySdc_tKFyyYacfU_
FN:69,$s6RNRive29HybridViewModelNumberPropertyC11addListener9onChangedyycySdc_tKFyycfU0_
FN:75,$s6RNRive29HybridViewModelNumberPropertyC15removeListenersyyKF
FN:76,$s6RNRive29HybridViewModelNumberPropertyC15removeListenersyyKFyScTyyts5NeverOGXEfU_
FN:80,$s6RNRive29HybridViewModelNumberPropertyC7disposeyyKF
FN:84,$s6RNRive29HybridViewModelNumberPropertyCfd
FN:85,$s6RNRive29HybridViewModelNumberPropertyCfdyScTyyts5NeverOGXEfU_
FNDA:0,$s6RNRive29HybridViewModelNumberPropertyC13listenerTasks33_157A1B878DE94646ABEBDDA3DD24B256LLSDy10Foundation4UUIDVScTyyts5NeverOGGvpfi
FNDA:0,$s6RNRive29HybridViewModelNumberPropertyC8instance4pathAC11RiveRuntime0cD8InstanceC_SStcfc
FNDA:0,$s6RNRive29HybridViewModelNumberPropertyC5valueSdvg
FNDA:0,$s6RNRive29HybridViewModelNumberPropertyC5valueSdvgSdyYaKScMYccfU_
FNDA:0,$s6RNRive29HybridViewModelNumberPropertyC5valueSdvs
FNDA:0,$s6RNRive29HybridViewModelNumberPropertyC3set5valueySd_tKF
FNDA:0,$s6RNRive29HybridViewModelNumberPropertyC3set5valueySd_tKFyyYaScMYccfU_
FNDA:0,$s6RNRive29HybridViewModelNumberPropertyC13getValueAsync12NitroModules7PromiseCySdGyKF
FNDA:0,$s6RNRive29HybridViewModelNumberPropertyC13getValueAsync12NitroModules7PromiseCySdGyKFSdyYaKcfU_
FNDA:0,$s6RNRive29HybridViewModelNumberPropertyC11addListener9onChangedyycySdc_tKF
FNDA:0,$s6RNRive29HybridViewModelNumberPropertyC11addListener9onChangedyycySdc_tKFyyYacfU_
FNDA:0,$s6RNRive29HybridViewModelNumberPropertyC11addListener9onChangedyycySdc_tKFyycfU0_
FNDA:0,$s6RNRive29HybridViewModelNumberPropertyC15removeListenersyyKF
FNDA:0,$s6RNRive29HybridViewModelNumberPropertyC15removeListenersyyKFyScTyyts5NeverOGXEfU_
FNDA:0,$s6RNRive29HybridViewModelNumberPropertyC7disposeyyKF
FNDA:0,$s6RNRive29HybridViewModelNumberPropertyCfd
FNDA:0,$s6RNRive29HybridViewModelNumberPropertyCfdyScTyyts5NeverOGXEfU_
FNF:17
FNH:0
DA:7,0
DA:9,0
DA:10,0
DA:11,0
DA:12,0
DA:13,0
DA:17,0
DA:18,0
DA:19,0
DA:20,0
DA:21,0
DA:22,0
DA:23,0
DA:24,0
DA:25,0
DA:26,0
DA:29,0
DA:30,0
DA:31,0
DA:32,0
DA:33,0
DA:34,0
DA:35,0
DA:36,0
DA:38,0
DA:39,0
DA:40,0
DA:41,0
DA:42,0
DA:43,0
DA:44,0
DA:46,0
DA:47,0
DA:48,0
DA:49,0
DA:50,0
DA:51,0
DA:52,0
DA:53,0
DA:54,0
DA:55,0
DA:56,0
DA:57,0
DA:58,0
DA:59,0
DA:60,0
DA:61,0
DA:62,0
DA:63,0
DA:64,0
DA:65,0
DA:66,0
DA:67,0
DA:68,0
DA:69,0
DA:70,0
DA:71,0
DA:72,0
DA:73,0
DA:75,0
DA:76,0
DA:77,0
DA:78,0
DA:80,0
DA:81,0
DA:82,0
DA:84,0
DA:85,0
DA:86,0
BRF:0
BRH:0
LF:102
LH:0
end_of_record
SF:/Users/boga/Work/Margelo/Rive/rive-nitro-react-native-ios-experimental/ios/new/HybridRiveFileFactory.swift
FN:5,$s6RNRive21HybridRiveFileFactoryC7backendSSvg
FN:9,$s6RNRive21HybridRiveFileFactoryC16sharedWorkerTask33_1509CCE3D00C5E9C5556C3297B74768FLLScTy0C7Runtime0G0Cs5Error_pGvpZfiAHyYaKcfU_
FN:18,$s6RNRive21HybridRiveFileFactoryC7fromURL3url7loadCdn16referencedAssets12NitroModules7PromiseCyAA0bcD13Spec_protocol_AA0bcdP5_baseCXcGSS_SbSo7margeloO5nitroO4riveO010ReferencedL4TypeVSgtKF
FN:19,$s6RNRive21HybridRiveFileFactoryC7fromURL3url7loadCdn16referencedAssets12NitroModules7PromiseCyAA0bcD13Spec_protocol_AA0bcdP5_baseCXcGSS_SbSo7margeloO5nitroO4riveO010ReferencedL4TypeVSgtKFAaK_AMXcyYaKcfU_
FN:33,$s6RNRive21HybridRiveFileFactoryC04fromD3URL04fileG07loadCdn16referencedAssets12NitroModules7PromiseCyAA0bcD13Spec_protocol_AA0bcdP5_baseCXcGSS_SbSo7margeloO5nitroO4riveO010ReferencedL4TypeVSgtKF
FN:34,$s6RNRive21HybridRiveFileFactoryC04fromD3URL04fileG07loadCdn16referencedAssets12NitroModules7PromiseCyAA0bcD13Spec_protocol_AA0bcdP5_baseCXcGSS_SbSo7margeloO5nitroO4riveO010ReferencedL4TypeVSgtKFAaK_AMXcyYaKcfU_
FN:51,$s6RNRive21HybridRiveFileFactoryC12fromResource8resource7loadCdn16referencedAssets12NitroModules7PromiseCyAA0bcD13Spec_protocol_AA0bcdP5_baseCXcGSS_SbSo7margeloO5nitroO4riveO010ReferencedL4TypeVSgtKF
FN:52,$s6RNRive21HybridRiveFileFactoryC12fromResource8resource7loadCdn16referencedAssets12NitroModules7PromiseCyAA0bcD13Spec_protocol_AA0bcdP5_baseCXcGSS_SbSo7margeloO5nitroO4riveO010ReferencedL4TypeVSgtKFAaK_AMXcyYaKcfU_
FN:65,$s6RNRive21HybridRiveFileFactoryC9fromBytes5bytes7loadCdn16referencedAssets12NitroModules7PromiseCyAA0bcD13Spec_protocol_AA0bcdP5_baseCXcGSo7margeloO5nitroO17ArrayBufferHolderV_SbAR4riveO010ReferencedL4TypeVSgtKF
FN:67,$s6RNRive21HybridRiveFileFactoryC9fromBytes5bytes7loadCdn16referencedAssets12NitroModules7PromiseCyAA0bcD13Spec_protocol_AA0bcdP5_baseCXcGSo7margeloO5nitroO17ArrayBufferHolderV_SbAR4riveO010ReferencedL4TypeVSgtKFAaK_AMXcyYaKcfU_
FNDA:0,$s6RNRive21HybridRiveFileFactoryC7backendSSvg
FNDA:0,$s6RNRive21HybridRiveFileFactoryC16sharedWorkerTask33_1509CCE3D00C5E9C5556C3297B74768FLLScTy0C7Runtime0G0Cs5Error_pGvpZfiAHyYaKcfU_
FNDA:0,$s6RNRive21HybridRiveFileFactoryC7fromURL3url7loadCdn16referencedAssets12NitroModules7PromiseCyAA0bcD13Spec_protocol_AA0bcdP5_baseCXcGSS_SbSo7margeloO5nitroO4riveO010ReferencedL4TypeVSgtKF
FNDA:0,$s6RNRive21HybridRiveFileFactoryC7fromURL3url7loadCdn16referencedAssets12NitroModules7PromiseCyAA0bcD13Spec_protocol_AA0bcdP5_baseCXcGSS_SbSo7margeloO5nitroO4riveO010ReferencedL4TypeVSgtKFAaK_AMXcyYaKcfU_
FNDA:0,$s6RNRive21HybridRiveFileFactoryC04fromD3URL04fileG07loadCdn16referencedAssets12NitroModules7PromiseCyAA0bcD13Spec_protocol_AA0bcdP5_baseCXcGSS_SbSo7margeloO5nitroO4riveO010ReferencedL4TypeVSgtKF
FNDA:0,$s6RNRive21HybridRiveFileFactoryC04fromD3URL04fileG07loadCdn16referencedAssets12NitroModules7PromiseCyAA0bcD13Spec_protocol_AA0bcdP5_baseCXcGSS_SbSo7margeloO5nitroO4riveO010ReferencedL4TypeVSgtKFAaK_AMXcyYaKcfU_
FNDA:0,$s6RNRive21HybridRiveFileFactoryC12fromResource8resource7loadCdn16referencedAssets12NitroModules7PromiseCyAA0bcD13Spec_protocol_AA0bcdP5_baseCXcGSS_SbSo7margeloO5nitroO4riveO010ReferencedL4TypeVSgtKF
FNDA:0,$s6RNRive21HybridRiveFileFactoryC12fromResource8resource7loadCdn16referencedAssets12NitroModules7PromiseCyAA0bcD13Spec_protocol_AA0bcdP5_baseCXcGSS_SbSo7margeloO5nitroO4riveO010ReferencedL4TypeVSgtKFAaK_AMXcyYaKcfU_
FNDA:0,$s6RNRive21HybridRiveFileFactoryC9fromBytes5bytes7loadCdn16referencedAssets12NitroModules7PromiseCyAA0bcD13Spec_protocol_AA0bcdP5_baseCXcGSo7margeloO5nitroO17ArrayBufferHolderV_SbAR4riveO010ReferencedL4TypeVSgtKF
FNDA:0,$s6RNRive21HybridRiveFileFactoryC9fromBytes5bytes7loadCdn16referencedAssets12NitroModules7PromiseCyAA0bcD13Spec_protocol_AA0bcdP5_baseCXcGSo7margeloO5nitroO17ArrayBufferHolderV_SbAR4riveO010ReferencedL4TypeVSgtKFAaK_AMXcyYaKcfU_
FNF:10
FNH:0
DA:5,0
DA:9,0
DA:10,0
DA:11,0
DA:12,0
DA:13,0
DA:14,0
DA:18,0
DA:19,0
DA:20,0
DA:21,0
DA:22,0
DA:23,0
DA:24,0
DA:25,0
DA:26,0
DA:27,0
DA:28,0
DA:29,0
DA:33,0
DA:34,0
DA:35,0
DA:36,0
DA:37,0
DA:38,0
DA:39,0
DA:40,0
DA:41,0
DA:42,0
DA:43,0
DA:44,0
DA:45,0
DA:46,0
DA:47,0
DA:51,0
DA:52,0
DA:53,0
DA:54,0
DA:55,0
DA:56,0
DA:57,0
DA:58,0
DA:59,0
DA:60,0
DA:61,0
DA:65,0
DA:66,0
DA:67,0
DA:68,0
DA:69,0
DA:70,0
DA:71,0
DA:72,0
DA:73,0
BRF:0
BRH:0
LF:92
LH:0
end_of_record
SF:/Users/boga/Work/Margelo/Rive/rive-nitro-react-native-ios-experimental/ios/new/HybridViewModelBooleanProperty.swift
FN:7,$s6RNRive30HybridViewModelBooleanPropertyC13listenerTasks33_8009401ABA2E0C2DE695D03CF5A495BELLSDy10Foundation4UUIDVScTyyts5NeverOGGvpfi
FN:9,$s6RNRive30HybridViewModelBooleanPropertyC8instance4pathAC11RiveRuntime0cD8InstanceC_SStcfc
FN:17,$s6RNRive30HybridViewModelBooleanPropertyC5valueSbvg
FN:20,$s6RNRive30HybridViewModelBooleanPropertyC5valueSbvgSbyYaKScMYccfU_
FN:26,$s6RNRive30HybridViewModelBooleanPropertyC5valueSbvs
FN:29,$s6RNRive30HybridViewModelBooleanPropertyC3set5valueySb_tKF
FN:32,$s6RNRive30HybridViewModelBooleanPropertyC3set5valueySb_tKFyyYaScMYccfU_
FN:37,$s6RNRive30HybridViewModelBooleanPropertyC13getValueAsync12NitroModules7PromiseCySbGyKF
FN:40,$s6RNRive30HybridViewModelBooleanPropertyC13getValueAsync12NitroModules7PromiseCySbGyKFSbyYaKcfU_
FN:45,$s6RNRive30HybridViewModelBooleanPropertyC11addListener9onChangedyycySbc_tKF
FN:47,$s6RNRive30HybridViewModelBooleanPropertyC11addListener9onChangedyycySbc_tKFyyYacfU_
FN:67,$s6RNRive30HybridViewModelBooleanPropertyC11addListener9onChangedyycySbc_tKFyycfU0_
FN:73,$s6RNRive30HybridViewModelBooleanPropertyC15removeListenersyyKF
FN:74,$s6RNRive30HybridViewModelBooleanPropertyC15removeListenersyyKFyScTyyts5NeverOGXEfU_
FN:78,$s6RNRive30HybridViewModelBooleanPropertyC7disposeyyKF
FN:82,$s6RNRive30HybridViewModelBooleanPropertyCfd
FN:83,$s6RNRive30HybridViewModelBooleanPropertyCfdyScTyyts5NeverOGXEfU_
FNDA:0,$s6RNRive30HybridViewModelBooleanPropertyC13listenerTasks33_8009401ABA2E0C2DE695D03CF5A495BELLSDy10Foundation4UUIDVScTyyts5NeverOGGvpfi
FNDA:0,$s6RNRive30HybridViewModelBooleanPropertyC8instance4pathAC11RiveRuntime0cD8InstanceC_SStcfc
FNDA:0,$s6RNRive30HybridViewModelBooleanPropertyC5valueSbvg
FNDA:0,$s6RNRive30HybridViewModelBooleanPropertyC5valueSbvgSbyYaKScMYccfU_
FNDA:0,$s6RNRive30HybridViewModelBooleanPropertyC5valueSbvs
FNDA:0,$s6RNRive30HybridViewModelBooleanPropertyC3set5valueySb_tKF
FNDA:0,$s6RNRive30HybridViewModelBooleanPropertyC3set5valueySb_tKFyyYaScMYccfU_
FNDA:0,$s6RNRive30HybridViewModelBooleanPropertyC13getValueAsync12NitroModules7PromiseCySbGyKF
FNDA:0,$s6RNRive30HybridViewModelBooleanPropertyC13getValueAsync12NitroModules7PromiseCySbGyKFSbyYaKcfU_
FNDA:0,$s6RNRive30HybridViewModelBooleanPropertyC11addListener9onChangedyycySbc_tKF
FNDA:0,$s6RNRive30HybridViewModelBooleanPropertyC11addListener9onChangedyycySbc_tKFyyYacfU_
FNDA:0,$s6RNRive30HybridViewModelBooleanPropertyC11addListener9onChangedyycySbc_tKFyycfU0_
FNDA:0,$s6RNRive30HybridViewModelBooleanPropertyC15removeListenersyyKF
FNDA:0,$s6RNRive30HybridViewModelBooleanPropertyC15removeListenersyyKFyScTyyts5NeverOGXEfU_
FNDA:0,$s6RNRive30HybridViewModelBooleanPropertyC7disposeyyKF
FNDA:0,$s6RNRive30HybridViewModelBooleanPropertyCfd
FNDA:0,$s6RNRive30HybridViewModelBooleanPropertyCfdyScTyyts5NeverOGXEfU_
FNF:17
FNH:0
DA:7,0
DA:9,0
DA:10,0
DA:11,0
DA:12,0
DA:13,0
DA:17,0
DA:18,0
DA:19,0
DA:20,0
DA:21,0
DA:22,0
DA:23,0
DA:24,0
DA:25,0
DA:26,0
DA:29,0
DA:30,0
DA:31,0
DA:32,0
DA:33,0
DA:34,0
DA:35,0
DA:37,0
DA:38,0
DA:39,0
DA:40,0
DA:41,0
DA:42,0
DA:43,0
DA:45,0
DA:46,0
DA:47,0
DA:48,0
DA:49,0
DA:50,0
DA:51,0
DA:52,0
DA:53,0
DA:54,0
DA:55,0
DA:56,0
DA:57,0
DA:58,0
DA:59,0
DA:60,0
DA:61,0
DA:62,0
DA:63,0
DA:64,0
DA:65,0
DA:66,0
DA:67,0
DA:68,0
DA:69,0
DA:70,0
DA:71,0
DA:73,0
DA:74,0
DA:75,0
DA:76,0
DA:78,0
DA:79,0
DA:80,0
DA:82,0
DA:83,0
DA:84,0
BRF:0
BRH:0
LF:99
LH:0
end_of_record
SF:/Users/boga/Work/Margelo/Rive/rive-nitro-react-native-ios-experimental/ios/new/HybridViewModelTriggerProperty.swift
FN:7,$s6RNRive30HybridViewModelTriggerPropertyC13listenerTasks33_C128F7D0FEF74D1E29E5328B718C56CALLSDy10Foundation4UUIDVScTyyts5Error_pGGvpfi
FN:9,$s6RNRive30HybridViewModelTriggerPropertyC8instance4pathAC11RiveRuntime0cD8InstanceC_SStcfc
FN:15,$s6RNRive30HybridViewModelTriggerPropertyC7triggeryyF
FN:18,$s6RNRive30HybridViewModelTriggerPropertyC7triggeryyFyyYaScMYccfU_
FN:23,$s6RNRive30HybridViewModelTriggerPropertyC11addListener9onChangedyycyyc_tKF
FN:25,$s6RNRive30HybridViewModelTriggerPropertyC11addListener9onChangedyycyyc_tKFyyYaKcfU_
FN:32,$s6RNRive30HybridViewModelTriggerPropertyC11addListener9onChangedyycyyc_tKFyycfU0_
FN:38,$s6RNRive30HybridViewModelTriggerPropertyC15removeListenersyyKF
FN:39,$s6RNRive30HybridViewModelTriggerPropertyC15removeListenersyyKFyScTyyts5Error_pGXEfU_
FN:43,$s6RNRive30HybridViewModelTriggerPropertyC7disposeyyKF
FN:47,$s6RNRive30HybridViewModelTriggerPropertyCfd
FN:48,$s6RNRive30HybridViewModelTriggerPropertyCfdyScTyyts5Error_pGXEfU_
FNDA:0,$s6RNRive30HybridViewModelTriggerPropertyC13listenerTasks33_C128F7D0FEF74D1E29E5328B718C56CALLSDy10Foundation4UUIDVScTyyts5Error_pGGvpfi
FNDA:0,$s6RNRive30HybridViewModelTriggerPropertyC8instance4pathAC11RiveRuntime0cD8InstanceC_SStcfc
FNDA:0,$s6RNRive30HybridViewModelTriggerPropertyC7triggeryyF
FNDA:0,$s6RNRive30HybridViewModelTriggerPropertyC7triggeryyFyyYaScMYccfU_
FNDA:0,$s6RNRive30HybridViewModelTriggerPropertyC11addListener9onChangedyycyyc_tKF
FNDA:0,$s6RNRive30HybridViewModelTriggerPropertyC11addListener9onChangedyycyyc_tKFyyYaKcfU_
FNDA:0,$s6RNRive30HybridViewModelTriggerPropertyC11addListener9onChangedyycyyc_tKFyycfU0_
FNDA:0,$s6RNRive30HybridViewModelTriggerPropertyC15removeListenersyyKF
FNDA:0,$s6RNRive30HybridViewModelTriggerPropertyC15removeListenersyyKFyScTyyts5Error_pGXEfU_
FNDA:0,$s6RNRive30HybridViewModelTriggerPropertyC7disposeyyKF
FNDA:0,$s6RNRive30HybridViewModelTriggerPropertyCfd
FNDA:0,$s6RNRive30HybridViewModelTriggerPropertyCfdyScTyyts5Error_pGXEfU_
FNF:12
FNH:0
DA:7,0
DA:9,0
DA:10,0
DA:11,0
DA:12,0
DA:13,0
DA:15,0
DA:16,0
DA:17,0
DA:18,0
DA:19,0
DA:20,0
DA:21,0
DA:23,0
DA:24,0
DA:25,0
DA:26,0
DA:27,0
DA:28,0
DA:29,0
DA:30,0
DA:31,0
DA:32,0
DA:33,0
DA:34,0
DA:35,0
DA:36,0
DA:38,0
DA:39,0
DA:40,0
DA:41,0
DA:43,0
DA:44,0
DA:45,0
DA:47,0
DA:48,0
DA:49,0
BRF:0
BRH:0
LF:52
LH:0
end_of_record
SF:/Users/boga/Work/Margelo/Rive/rive-nitro-react-native-ios-experimental/ios/new/HybridRiveView.swift
FN:14,$sSq6RNRiveAA055Variant__any_HybridViewModelInstanceSpec__DataBindMode_iJ6ByNameORszlE02tojI0AA0jI0OyKF
FN:38,$sSq6RNRiveAA055Variant__any_HybridViewModelInstanceSpec__DataBindMode_iJ6ByNameORszlE7isEqual2toSbACSg_tF
FN:40,$sSq6RNRiveAA055Variant__any_HybridViewModelInstanceSpec__DataBindMode_iJ6ByNameORszlE7isEqual2toSbACSg_tFSbyKXEfu_
FN:59,$s6RNRive14HybridRiveViewC4play12NitroModules7PromiseCyytGyKF
FN:60,$s6RNRive14HybridRiveViewC4play12NitroModules7PromiseCyytGyKFyyYaKcfU_
FN:65,$s6RNRive14HybridRiveViewC5pause12NitroModules7PromiseCyytGyKF
FN:66,$s6RNRive14HybridRiveViewC5pause12NitroModules7PromiseCyytGyKFyyYaKcfU_
FN:71,$s6RNRive14HybridRiveViewC5reset12NitroModules7PromiseCyytGyKF
FN:72,$s6RNRive14HybridRiveViewC5reset12NitroModules7PromiseCyytGyKFyyYaKcfU_
FN:77,$s6RNRive14HybridRiveViewC12playIfNeededyyF
FN:78,$s6RNRive14HybridRiveViewC12playIfNeededyyFyyKScMYcXEfU_
FN:85,$s6RNRive14HybridRiveViewC8dataBindAA013Variant__any_bd23ModelInstanceSpec__Dataf5Mode_lF6ByNameOSgvW
FN:92,$s6RNRive14HybridRiveViewC12artboardNameSSSgvW
FN:93,$s6RNRive14HybridRiveViewC16stateMachineNameSSSgvW
FN:94,$s6RNRive14HybridRiveViewC8autoPlaySbSgvW
FN:95,$s6RNRive14HybridRiveViewC4fileAA0bC17FileSpec_protocol_AA0bcfG5_baseCXcvpfi
FN:96,$s6RNRive14HybridRiveViewC4fileAA0bC17FileSpec_protocol_AA0bcfG5_baseCXcvW
FN:101,$s6RNRive14HybridRiveViewC7onErroryySo7margeloO5nitroO4riveO0cF0Vcvpfi
FN:101,$s6RNRive14HybridRiveViewC7onErroryySo7margeloO5nitroO4riveO0cF0VcvpfiyALcfU_
FN:103,$s6RNRive14HybridRiveViewC05awaitD5Ready12NitroModules7PromiseCySbGyKF
FN:104,$s6RNRive14HybridRiveViewC05awaitD5Ready12NitroModules7PromiseCySbGyKFSbyYaKcfU_
FN:109,$s6RNRive14HybridRiveViewC04bindD13ModelInstance04viewfG0yAA0bdfG13Spec_protocol_AA0bdfgI5_baseCXc_tKF
FN:112,$s6RNRive14HybridRiveViewC04bindD13ModelInstance04viewfG0yAA0bdfG13Spec_protocol_AA0bdfgI5_baseCXc_tKFyyKScMYcXEfU_
FN:117,$s6RNRive14HybridRiveViewC03getD13ModelInstanceAA0bdfG13Spec_protocol_AA0bdfgH5_baseCXcSgyKF
FN:118,$s6RNRive14HybridRiveViewC03getD13ModelInstanceAA0bdfG13Spec_protocol_AA0bdfgH5_baseCXcSgyKFAHyKScMYcXEfU_
FN:127,$s6RNRive14HybridRiveViewC15onEventListener0eF0yySo7margeloO5nitroO4riveO07UnifiedcF0Vc_tKF
FN:131,$s6RNRive14HybridRiveViewC20removeEventListenersyyKF
FN:135,$s6RNRive14HybridRiveViewC19setNumberInputValue4name5value4pathySS_SdSSSgtKF
FN:136,$s6RNRive14HybridRiveViewC19setNumberInputValue4name5value4pathySS_SdSSSgtKFyyKScMYcXEfU_
FN:141,$s6RNRive14HybridRiveViewC19getNumberInputValue4name4pathSdSS_SSSgtKF
FN:142,$s6RNRive14HybridRiveViewC19getNumberInputValue4name4pathSdSS_SSSgtKFSdyKScMYcXEfU_
FN:147,$s6RNRive14HybridRiveViewC20setBooleanInputValue4name5value4pathySS_SbSSSgtKF
FN:148,$s6RNRive14HybridRiveViewC20setBooleanInputValue4name5value4pathySS_SbSSSgtKFyyKScMYcXEfU_
FN:153,$s6RNRive14HybridRiveViewC20getBooleanInputValue4name4pathSbSS_SSSgtKF
FN:154,$s6RNRive14HybridRiveViewC20getBooleanInputValue4name4pathSbSS_SSSgtKFSbyKScMYcXEfU_
FN:159,$s6RNRive14HybridRiveViewC12triggerInput4name4pathySS_SSSgtKF
FN:160,$s6RNRive14HybridRiveViewC12triggerInput4name4pathySS_SSSgtKFyyKScMYcXEfU_
FN:165,$s6RNRive14HybridRiveViewC15setTextRunValue4name5value4pathySS_S2SSgtKF
FN:166,$s6RNRive14HybridRiveViewC15setTextRunValue4name5value4pathySS_S2SSgtKFyyKScMYcXEfU_
FN:171,$s6RNRive14HybridRiveViewC15getTextRunValue4name4pathS2S_SSSgtKF
FN:172,$s6RNRive14HybridRiveViewC15getTextRunValue4name4pathS2S_SSSgtKFSSyKScMYcXEfU_
FN:178,$s6RNRive14HybridRiveViewC4viewSo6UIViewCvpfi
FN:179,$s6RNRive14HybridRiveViewC03getcD0AA0c11ReactNativeD0CyKF
FN:187,$s6RNRive14HybridRiveViewC11afterUpdateyyF
FN:188,$s6RNRive14HybridRiveViewC11afterUpdateyyFyyKXEfU_
FN:201,$s6RNRive14HybridRiveViewC11afterUpdateyyFyyKXEfU_SbyKXEfu_
FN:207,$s6RNRive14HybridRiveViewC11afterUpdateyyFyyKXEfU_yyKScMYcXEfU_
FN:220,$s6RNRive14HybridRiveViewC11needsReload33_7039E32F8B034C2FF5D10DFA20FBF1FCLLSbvpfi
FN:221,$s6RNRive14HybridRiveViewC18dataBindingChanged33_7039E32F8B034C2FF5D10DFA20FBF1FCLLSbvpfi
FN:222,$s6RNRive14HybridRiveViewC13initialUpdate33_7039E32F8B034C2FF5D10DFA20FBF1FCLLSbvpfi
FN:229,$s6RNRive14HybridRiveViewC02toC3Fit33_7039E32F8B034C2FF5D10DFA20FBF1FCLL_9alignment17layoutScaleFactor0C7Runtime0F0OSo7margeloO5nitroO4riveOAIVSg_AP9AlignmentVSgSdSgtF
FN:230,$s6RNRive14HybridRiveViewC02toC3Fit33_7039E32F8B034C2FF5D10DFA20FBF1FCLL_9alignment17layoutScaleFactor0C7Runtime0F0OSo7margeloO5nitroO4riveOAIVSg_AP9AlignmentVSgSdSgtFAhSOyKXEfu_
FN:232,$s6RNRive14HybridRiveViewC02toC3Fit33_7039E32F8B034C2FF5D10DFA20FBF1FCLL_9alignment17layoutScaleFactor0C7Runtime0F0OSo7margeloO5nitroO4riveOAIVSg_AP9AlignmentVSgSdSgtFAQyKXEfu0_
FN:248,$s6RNRive14HybridRiveViewC02toC9Alignment33_7039E32F8B034C2FF5D10DFA20FBF1FCLLy0C7Runtime0F0OSgSo7margeloO5nitroO4riveOAGVSgF
FN:269,$s6RNRive14HybridRiveViewC10onMainSyncyxxyKScMYcXEKlF
FN:271,$s6RNRive14HybridRiveViewC10onMainSyncyxxyKScMYcXEKlFxyKScMYcXEfU_
FN:276,$s6RNRive14HybridRiveViewC10onMainSyncyxxyKScMYcXEKlFyyScMYcXEfU0_
FN:277,$s6RNRive14HybridRiveViewC10onMainSyncyxxyKScMYcXEKlFyyScMYcXEfU0_s6ResultOyxs5Error_pGyScMYcXEfU_
FN:278,$s6RNRive14HybridRiveViewC10onMainSyncyxxyKScMYcXEKlFyyScMYcXEfU0_s6ResultOyxs5Error_pGyScMYcXEfU_xyKXEfU_
FN:284,$s6RNRive14HybridRiveViewC6logged3tag4note_ySS_SSSgyyKXEtF
FN:288,$s6RNRive14HybridRiveViewC6logged3tag4note_ySS_SSSgyyKXEtFS2SXEfU_
FN:288,$s6RNRive14HybridRiveViewC6logged3tag4note_ySS_SSSgyyKXEtFSSyKXEfu_
FNDA:0,$sSq6RNRiveAA055Variant__any_HybridViewModelInstanceSpec__DataBindMode_iJ6ByNameORszlE02tojI0AA0jI0OyKF
FNDA:0,$sSq6RNRiveAA055Variant__any_HybridViewModelInstanceSpec__DataBindMode_iJ6ByNameORszlE7isEqual2toSbACSg_tF
FNDA:0,$sSq6RNRiveAA055Variant__any_HybridViewModelInstanceSpec__DataBindMode_iJ6ByNameORszlE7isEqual2toSbACSg_tFSbyKXEfu_
FNDA:0,$s6RNRive14HybridRiveViewC4play12NitroModules7PromiseCyytGyKF
FNDA:0,$s6RNRive14HybridRiveViewC4play12NitroModules7PromiseCyytGyKFyyYaKcfU_
FNDA:0,$s6RNRive14HybridRiveViewC5pause12NitroModules7PromiseCyytGyKF
FNDA:0,$s6RNRive14HybridRiveViewC5pause12NitroModules7PromiseCyytGyKFyyYaKcfU_
FNDA:0,$s6RNRive14HybridRiveViewC5reset12NitroModules7PromiseCyytGyKF
FNDA:0,$s6RNRive14HybridRiveViewC5reset12NitroModules7PromiseCyytGyKFyyYaKcfU_
FNDA:0,$s6RNRive14HybridRiveViewC12playIfNeededyyF
FNDA:0,$s6RNRive14HybridRiveViewC12playIfNeededyyFyyKScMYcXEfU_
FNDA:0,$s6RNRive14HybridRiveViewC8dataBindAA013Variant__any_bd23ModelInstanceSpec__Dataf5Mode_lF6ByNameOSgvW
FNDA:0,$s6RNRive14HybridRiveViewC12artboardNameSSSgvW
FNDA:0,$s6RNRive14HybridRiveViewC16stateMachineNameSSSgvW
FNDA:0,$s6RNRive14HybridRiveViewC8autoPlaySbSgvW
FNDA:0,$s6RNRive14HybridRiveViewC4fileAA0bC17FileSpec_protocol_AA0bcfG5_baseCXcvpfi
FNDA:0,$s6RNRive14HybridRiveViewC4fileAA0bC17FileSpec_protocol_AA0bcfG5_baseCXcvW
FNDA:0,$s6RNRive14HybridRiveViewC7onErroryySo7margeloO5nitroO4riveO0cF0Vcvpfi
FNDA:0,$s6RNRive14HybridRiveViewC7onErroryySo7margeloO5nitroO4riveO0cF0VcvpfiyALcfU_
FNDA:0,$s6RNRive14HybridRiveViewC05awaitD5Ready12NitroModules7PromiseCySbGyKF
FNDA:0,$s6RNRive14HybridRiveViewC05awaitD5Ready12NitroModules7PromiseCySbGyKFSbyYaKcfU_
FNDA:0,$s6RNRive14HybridRiveViewC04bindD13ModelInstance04viewfG0yAA0bdfG13Spec_protocol_AA0bdfgI5_baseCXc_tKF
FNDA:0,$s6RNRive14HybridRiveViewC04bindD13ModelInstance04viewfG0yAA0bdfG13Spec_protocol_AA0bdfgI5_baseCXc_tKFyyKScMYcXEfU_
FNDA:0,$s6RNRive14HybridRiveViewC03getD13ModelInstanceAA0bdfG13Spec_protocol_AA0bdfgH5_baseCXcSgyKF
FNDA:0,$s6RNRive14HybridRiveViewC03getD13ModelInstanceAA0bdfG13Spec_protocol_AA0bdfgH5_baseCXcSgyKFAHyKScMYcXEfU_
FNDA:0,$s6RNRive14HybridRiveViewC15onEventListener0eF0yySo7margeloO5nitroO4riveO07UnifiedcF0Vc_tKF
FNDA:0,$s6RNRive14HybridRiveViewC20removeEventListenersyyKF
FNDA:0,$s6RNRive14HybridRiveViewC19setNumberInputValue4name5value4pathySS_SdSSSgtKF
FNDA:0,$s6RNRive14HybridRiveViewC19setNumberInputValue4name5value4pathySS_SdSSSgtKFyyKScMYcXEfU_
FNDA:0,$s6RNRive14HybridRiveViewC19getNumberInputValue4name4pathSdSS_SSSgtKF
FNDA:0,$s6RNRive14HybridRiveViewC19getNumberInputValue4name4pathSdSS_SSSgtKFSdyKScMYcXEfU_
FNDA:0,$s6RNRive14HybridRiveViewC20setBooleanInputValue4name5value4pathySS_SbSSSgtKF
FNDA:0,$s6RNRive14HybridRiveViewC20setBooleanInputValue4name5value4pathySS_SbSSSgtKFyyKScMYcXEfU_
FNDA:0,$s6RNRive14HybridRiveViewC20getBooleanInputValue4name4pathSbSS_SSSgtKF
FNDA:0,$s6RNRive14HybridRiveViewC20getBooleanInputValue4name4pathSbSS_SSSgtKFSbyKScMYcXEfU_
FNDA:0,$s6RNRive14HybridRiveViewC12triggerInput4name4pathySS_SSSgtKF
FNDA:0,$s6RNRive14HybridRiveViewC12triggerInput4name4pathySS_SSSgtKFyyKScMYcXEfU_
FNDA:0,$s6RNRive14HybridRiveViewC15setTextRunValue4name5value4pathySS_S2SSgtKF
FNDA:0,$s6RNRive14HybridRiveViewC15setTextRunValue4name5value4pathySS_S2SSgtKFyyKScMYcXEfU_
FNDA:0,$s6RNRive14HybridRiveViewC15getTextRunValue4name4pathS2S_SSSgtKF
FNDA:0,$s6RNRive14HybridRiveViewC15getTextRunValue4name4pathS2S_SSSgtKFSSyKScMYcXEfU_
FNDA:0,$s6RNRive14HybridRiveViewC4viewSo6UIViewCvpfi
FNDA:0,$s6RNRive14HybridRiveViewC03getcD0AA0c11ReactNativeD0CyKF
FNDA:0,$s6RNRive14HybridRiveViewC11afterUpdateyyF
FNDA:0,$s6RNRive14HybridRiveViewC11afterUpdateyyFyyKXEfU_
FNDA:0,$s6RNRive14HybridRiveViewC11afterUpdateyyFyyKXEfU_SbyKXEfu_
FNDA:0,$s6RNRive14HybridRiveViewC11afterUpdateyyFyyKXEfU_yyKScMYcXEfU_
FNDA:0,$s6RNRive14HybridRiveViewC11needsReload33_7039E32F8B034C2FF5D10DFA20FBF1FCLLSbvpfi
FNDA:0,$s6RNRive14HybridRiveViewC18dataBindingChanged33_7039E32F8B034C2FF5D10DFA20FBF1FCLLSbvpfi
FNDA:0,$s6RNRive14HybridRiveViewC13initialUpdate33_7039E32F8B034C2FF5D10DFA20FBF1FCLLSbvpfi
FNDA:0,$s6RNRive14HybridRiveViewC02toC3Fit33_7039E32F8B034C2FF5D10DFA20FBF1FCLL_9alignment17layoutScaleFactor0C7Runtime0F0OSo7margeloO5nitroO4riveOAIVSg_AP9AlignmentVSgSdSgtF
FNDA:0,$s6RNRive14HybridRiveViewC02toC3Fit33_7039E32F8B034C2FF5D10DFA20FBF1FCLL_9alignment17layoutScaleFactor0C7Runtime0F0OSo7margeloO5nitroO4riveOAIVSg_AP9AlignmentVSgSdSgtFAhSOyKXEfu_
FNDA:0,$s6RNRive14HybridRiveViewC02toC3Fit33_7039E32F8B034C2FF5D10DFA20FBF1FCLL_9alignment17layoutScaleFactor0C7Runtime0F0OSo7margeloO5nitroO4riveOAIVSg_AP9AlignmentVSgSdSgtFAQyKXEfu0_
FNDA:0,$s6RNRive14HybridRiveViewC02toC9Alignment33_7039E32F8B034C2FF5D10DFA20FBF1FCLLy0C7Runtime0F0OSgSo7margeloO5nitroO4riveOAGVSgF
FNDA:0,$s6RNRive14HybridRiveViewC10onMainSyncyxxyKScMYcXEKlF
FNDA:0,$s6RNRive14HybridRiveViewC10onMainSyncyxxyKScMYcXEKlFxyKScMYcXEfU_
FNDA:0,$s6RNRive14HybridRiveViewC10onMainSyncyxxyKScMYcXEKlFyyScMYcXEfU0_
FNDA:0,$s6RNRive14HybridRiveViewC10onMainSyncyxxyKScMYcXEKlFyyScMYcXEfU0_s6ResultOyxs5Error_pGyScMYcXEfU_
FNDA:0,$s6RNRive14HybridRiveViewC10onMainSyncyxxyKScMYcXEKlFyyScMYcXEfU0_s6ResultOyxs5Error_pGyScMYcXEfU_xyKXEfU_
FNDA:0,$s6RNRive14HybridRiveViewC6logged3tag4note_ySS_SSSgyyKXEtF
FNDA:0,$s6RNRive14HybridRiveViewC6logged3tag4note_ySS_SSSgyyKXEtFS2SXEfU_
FNDA:0,$s6RNRive14HybridRiveViewC6logged3tag4note_ySS_SSSgyyKXEtFSSyKXEfu_
FNF:61
FNH:0
DA:14,0
DA:15,0
DA:16,0
DA:17,0
DA:18,0
DA:19,0
DA:20,0
DA:21,0
DA:22,0
DA:23,0
DA:24,0
DA:25,0
DA:26,0
DA:27,0
DA:28,0
DA:29,0
DA:30,0
DA:31,0
DA:32,0
DA:33,0
DA:34,0
DA:35,0
DA:36,0
DA:38,0
DA:39,0
DA:40,0
DA:41,0
DA:42,0
DA:43,0
DA:44,0
DA:45,0
DA:46,0
DA:47,0
DA:48,0
DA:49,0
DA:50,0
DA:51,0
DA:52,0
DA:53,0
DA:54,0
DA:55,0
DA:59,0
DA:60,0
DA:61,0
DA:62,0
DA:63,0
DA:65,0
DA:66,0
DA:67,0
DA:68,0
DA:69,0
DA:71,0
DA:72,0
DA:73,0
DA:74,0
DA:75,0
DA:77,0
DA:78,0
DA:79,0
DA:80,0
DA:81,0
DA:85,0
DA:86,0
DA:87,0
DA:88,0
DA:89,0
DA:92,0
DA:93,0
DA:94,0
DA:95,0
DA:96,0
DA:101,0
DA:103,0
DA:104,0
DA:105,0
DA:106,0
DA:107,0
DA:109,0
DA:110,0
DA:111,0
DA:112,0
DA:113,0
DA:114,0
DA:115,0
DA:117,0
DA:118,0
DA:119,0
DA:120,0
DA:121,0
DA:122,0
DA:123,0
DA:124,0
DA:125,0
DA:127,0
DA:128,0
DA:129,0
DA:131,0
DA:132,0
DA:133,0
DA:135,0
DA:136,0
DA:137,0
DA:138,0
DA:139,0
DA:141,0
DA:142,0
DA:143,0
DA:144,0
DA:145,0
DA:147,0
DA:148,0
DA:149,0
DA:150,0
DA:151,0
DA:153,0
DA:154,0
DA:155,0
DA:156,0
DA:157,0
DA:159,0
DA:160,0
DA:161,0
DA:162,0
DA:163,0
DA:165,0
DA:166,0
DA:167,0
DA:168,0
DA:169,0
DA:171,0
DA:172,0
DA:173,0
DA:174,0
DA:175,0
DA:178,0
DA:179,0
DA:180,0
DA:181,0
DA:182,0
DA:183,0
DA:184,0
DA:187,0
DA:188,0
DA:189,0
DA:190,0
DA:191,0
DA:192,0
DA:193,0
DA:194,0
DA:195,0
DA:196,0
DA:197,0
DA:198,0
DA:199,0
DA:200,0
DA:201,0
DA:202,0
DA:203,0
DA:204,0
DA:205,0
DA:206,0
DA:207,0
DA:208,0
DA:209,0
DA:210,0
DA:211,0
DA:212,0
DA:213,0
DA:214,0
DA:215,0
DA:216,0
DA:217,0
DA:220,0
DA:221,0
DA:222,0
DA:229,0
DA:230,0
DA:231,0
DA:232,0
DA:233,0
DA:234,0
DA:235,0
DA:236,0
DA:237,0
DA:238,0
DA:239,0
DA:240,0
DA:241,0
DA:242,0
DA:243,0
DA:244,0
DA:245,0
DA:246,0
DA:248,0
DA:249,0
DA:250,0
DA:251,0
DA:252,0
DA:253,0
DA:254,0
DA:255,0
DA:256,0
DA:257,0
DA:258,0
DA:259,0
DA:260,0
DA:261,0
DA:262,0
DA:269,0
DA:270,0
DA:271,0
DA:272,0
DA:273,0
DA:274,0
DA:275,0
DA:276,0
DA:277,0
DA:278,0
DA:279,0
DA:280,0
DA:281,0
DA:282,0
DA:284,0
DA:285,0
DA:286,0
DA:287,0
DA:288,0
DA:289,0
DA:290,0
DA:291,0
DA:292,0
DA:293,0
DA:294,0
DA:295,0
DA:296,0
DA:297,0
BRF:0
BRH:0
LF:338
LH:0
end_of_record
SF:/Users/boga/Work/Margelo/Rive/rive-nitro-react-native-ios-experimental/ios/new/HybridViewModelStringProperty.swift
FN:7,$s6RNRive29HybridViewModelStringPropertyC13listenerTasks33_D9C3BA767306C9314CB4B406B12E3299LLSDy10Foundation4UUIDVScTyyts5NeverOGGvpfi
FN:9,$s6RNRive29HybridViewModelStringPropertyC8instance4pathAC11RiveRuntime0cD8InstanceC_SStcfc
FN:17,$s6RNRive29HybridViewModelStringPropertyC5valueSSvg
FN:20,$s6RNRive29HybridViewModelStringPropertyC5valueSSvgSSyYaKScMYccfU_
FN:26,$s6RNRive29HybridViewModelStringPropertyC5valueSSvs
FN:29,$s6RNRive29HybridViewModelStringPropertyC3set5valueySS_tKF
FN:32,$s6RNRive29HybridViewModelStringPropertyC3set5valueySS_tKFyyYaScMYccfU_
FN:37,$s6RNRive29HybridViewModelStringPropertyC13getValueAsync12NitroModules7PromiseCySSGyKF
FN:40,$s6RNRive29HybridViewModelStringPropertyC13getValueAsync12NitroModules7PromiseCySSGyKFSSyYaKcfU_
FN:45,$s6RNRive29HybridViewModelStringPropertyC11addListener9onChangedyycySSc_tKF
FN:47,$s6RNRive29HybridViewModelStringPropertyC11addListener9onChangedyycySSc_tKFyyYacfU_
FN:67,$s6RNRive29HybridViewModelStringPropertyC11addListener9onChangedyycySSc_tKFyycfU0_
FN:73,$s6RNRive29HybridViewModelStringPropertyC15removeListenersyyKF
FN:74,$s6RNRive29HybridViewModelStringPropertyC15removeListenersyyKFyScTyyts5NeverOGXEfU_
FN:78,$s6RNRive29HybridViewModelStringPropertyC7disposeyyKF
FN:82,$s6RNRive29HybridViewModelStringPropertyCfd
FN:83,$s6RNRive29HybridViewModelStringPropertyCfdyScTyyts5NeverOGXEfU_
FNDA:0,$s6RNRive29HybridViewModelStringPropertyC13listenerTasks33_D9C3BA767306C9314CB4B406B12E3299LLSDy10Foundation4UUIDVScTyyts5NeverOGGvpfi
FNDA:0,$s6RNRive29HybridViewModelStringPropertyC8instance4pathAC11RiveRuntime0cD8InstanceC_SStcfc
FNDA:0,$s6RNRive29HybridViewModelStringPropertyC5valueSSvg
FNDA:0,$s6RNRive29HybridViewModelStringPropertyC5valueSSvgSSyYaKScMYccfU_
FNDA:0,$s6RNRive29HybridViewModelStringPropertyC5valueSSvs
FNDA:0,$s6RNRive29HybridViewModelStringPropertyC3set5valueySS_tKF
FNDA:0,$s6RNRive29HybridViewModelStringPropertyC3set5valueySS_tKFyyYaScMYccfU_
FNDA:0,$s6RNRive29HybridViewModelStringPropertyC13getValueAsync12NitroModules7PromiseCySSGyKF
FNDA:0,$s6RNRive29HybridViewModelStringPropertyC13getValueAsync12NitroModules7PromiseCySSGyKFSSyYaKcfU_
FNDA:0,$s6RNRive29HybridViewModelStringPropertyC11addListener9onChangedyycySSc_tKF
FNDA:0,$s6RNRive29HybridViewModelStringPropertyC11addListener9onChangedyycySSc_tKFyyYacfU_
FNDA:0,$s6RNRive29HybridViewModelStringPropertyC11addListener9onChangedyycySSc_tKFyycfU0_
FNDA:0,$s6RNRive29HybridViewModelStringPropertyC15removeListenersyyKF
FNDA:0,$s6RNRive29HybridViewModelStringPropertyC15removeListenersyyKFyScTyyts5NeverOGXEfU_
FNDA:0,$s6RNRive29HybridViewModelStringPropertyC7disposeyyKF
FNDA:0,$s6RNRive29HybridViewModelStringPropertyCfd
FNDA:0,$s6RNRive29HybridViewModelStringPropertyCfdyScTyyts5NeverOGXEfU_
FNF:17
FNH:0
DA:7,0
DA:9,0
DA:10,0
DA:11,0
DA:12,0
DA:13,0
DA:17,0
DA:18,0
DA:19,0
DA:20,0
DA:21,0
DA:22,0
DA:23,0
DA:24,0
DA:25,0
DA:26,0
DA:29,0
DA:30,0
DA:31,0
DA:32,0
DA:33,0
DA:34,0
DA:35,0
DA:37,0
DA:38,0
DA:39,0
DA:40,0
DA:41,0
DA:42,0
DA:43,0
DA:45,0
DA:46,0
DA:47,0
DA:48,0
DA:49,0
DA:50,0
DA:51,0
DA:52,0
DA:53,0
DA:54,0
DA:55,0
DA:56,0
DA:57,0
DA:58,0
DA:59,0
DA:60,0
DA:61,0
DA:62,0
DA:63,0
DA:64,0
DA:65,0
DA:66,0
DA:67,0
DA:68,0
DA:69,0
DA:70,0
DA:71,0
DA:73,0
DA:74,0
DA:75,0
DA:76,0
DA:78,0
DA:79,0
DA:80,0
DA:82,0
DA:83,0
DA:84,0
BRF:0
BRH:0
LF:99
LH:0
end_of_record
SF:/Users/boga/Work/Margelo/Rive/rive-nitro-react-native-ios-experimental/ios/new/BlockingAsync.swift
FN:13,$s6RNRive13blockingAsyncyxxyYaKScMYccKlF
FN:14,$s6RNRive13blockingAsyncyxxyYaKScMYccKlF8Dispatch0D9PredicateOyXEfu_
FN:18,$s6RNRive13blockingAsyncyxxyYaKScMYccKlFyyYacfU_
FN:36,$s6RNRive13blockingAsyncyxxyYaScMYcclF
FN:37,$s6RNRive13blockingAsyncyxxyYaScMYcclF8Dispatch0D9PredicateOyXEfu_
FN:41,$s6RNRive13blockingAsyncyxxyYaScMYcclFyyYacfU_
FNDA:0,$s6RNRive13blockingAsyncyxxyYaKScMYccKlF
FNDA:0,$s6RNRive13blockingAsyncyxxyYaKScMYccKlF8Dispatch0D9PredicateOyXEfu_
FNDA:0,$s6RNRive13blockingAsyncyxxyYaKScMYccKlFyyYacfU_
FNDA:0,$s6RNRive13blockingAsyncyxxyYaScMYcclF
FNDA:0,$s6RNRive13blockingAsyncyxxyYaScMYcclF8Dispatch0D9PredicateOyXEfu_
FNDA:0,$s6RNRive13blockingAsyncyxxyYaScMYcclFyyYacfU_
FNF:6
FNH:0
DA:13,0
DA:14,0
DA:15,0
DA:16,0
DA:17,0
DA:18,0
DA:19,0
DA:20,0
DA:21,0
DA:22,0
DA:23,0
DA:24,0
DA:25,0
DA:26,0
DA:27,0
DA:28,0
DA:29,0
DA:30,0
DA:31,0
DA:32,0
DA:33,0
DA:36,0
DA:37,0
DA:38,0
DA:39,0
DA:40,0
DA:41,0
DA:42,0
DA:43,0
DA:44,0
DA:45,0
DA:46,0
DA:47,0
DA:48,0
DA:49,0
BRF:0
BRH:0
LF:49
LH:0
end_of_record
SF:/Users/boga/Work/Margelo/Rive/rive-nitro-react-native-ios-experimental/ios/new/HybridViewModel.swift
FN:9,$s6RNRive15HybridViewModelC4file6vmName6workerAC11RiveRuntime4FileC_SSAG6WorkerCtcfc
FN:15,$s6RNRive15HybridViewModelC9modelNameSSvg
FN:17,$s6RNRive15HybridViewModelC13propertyCountSdvg
FN:20,$s6RNRive15HybridViewModelC13propertyCountSdvgSay11RiveRuntime0cD8PropertyVGyYaKScMYccfU_
FN:27,$s6RNRive15HybridViewModelC13instanceCountSdvg
FN:30,$s6RNRive15HybridViewModelC13instanceCountSdvgSaySSGyYaKScMYccfU_
FN:37,$s6RNRive15HybridViewModelC18getPropertiesAsync12NitroModules7PromiseCySaySo7margeloO5nitroO4riveO0cD12PropertyInfoVGGyKF
FN:38,$s6RNRive15HybridViewModelC18getPropertiesAsync12NitroModules7PromiseCySaySo7margeloO5nitroO4riveO0cD12PropertyInfoVGGyKFAPyYaKcfU_
FN:40,$s6RNRive15HybridViewModelC18getPropertiesAsync12NitroModules7PromiseCySaySo7margeloO5nitroO4riveO0cD12PropertyInfoVGGyKFAPyYaKcfU_AO11RiveRuntime0cdN0VXEfU_
FN:44,$s6RNRive15HybridViewModelC21getPropertyCountAsync12NitroModules7PromiseCySdGyKF
FN:45,$s6RNRive15HybridViewModelC21getPropertyCountAsync12NitroModules7PromiseCySdGyKFSdyYaKcfU_
FN:50,$s6RNRive15HybridViewModelC21getInstanceCountAsync12NitroModules7PromiseCySdGyKF
FN:51,$s6RNRive15HybridViewModelC21getInstanceCountAsync12NitroModules7PromiseCySdGyKFSdyYaKcfU_
FN:56,$s6RNRive15HybridViewModelC25createDefaultInstanceImpl33_F2090CC70AB07A669EF8B57D4D22F811LLAA0bcdG13Spec_protocol_AA0bcdgR5_baseCXcSgyYaKF
FN:61,$s6RNRive15HybridViewModelC25createInstanceByIndexImpl33_F2090CC70AB07A669EF8B57D4D22F811LL5indexAA0bcdF13Spec_protocol_AA0bcdfT5_baseCXcSgSd_tYaKF
FN:64,$s6RNRive15HybridViewModelC25createInstanceByIndexImpl33_F2090CC70AB07A669EF8B57D4D22F811LL5indexAA0bcdF13Spec_protocol_AA0bcdfT5_baseCXcSgSd_tYaKFSbyKXEfu_
FN:71,$s6RNRive15HybridViewModelC21createInstanceByIndex5indexAA0bcdF13Spec_protocol_AA0bcdfJ5_baseCXcSgSd_tKF
FN:73,$s6RNRive15HybridViewModelC21createInstanceByIndex5indexAA0bcdF13Spec_protocol_AA0bcdfJ5_baseCXcSgSd_tKFAIyYaKScMYccfU_
FN:76,$s6RNRive15HybridViewModelC24createInstanceByNameImpl33_F2090CC70AB07A669EF8B57D4D22F811LL4nameAA0bcdF13Spec_protocol_AA0bcdfT5_baseCXcSgSS_tYaKF
FN:82,$s6RNRive15HybridViewModelC20createInstanceByName4nameAA0bcdF13Spec_protocol_AA0bcdfJ5_baseCXcSgSS_tKF
FN:84,$s6RNRive15HybridViewModelC20createInstanceByName4nameAA0bcdF13Spec_protocol_AA0bcdfJ5_baseCXcSgSS_tKFAIyYaKScMYccfU_
FN:87,$s6RNRive15HybridViewModelC25createInstanceByNameAsync4name12NitroModules7PromiseCyAA0bcdF13Spec_protocol_AA0bcdfN5_baseCXcSgGSS_tKF
FN:88,$s6RNRive15HybridViewModelC25createInstanceByNameAsync4name12NitroModules7PromiseCyAA0bcdF13Spec_protocol_AA0bcdfN5_baseCXcSgGSS_tKFALyYaKcfU_
FN:92,$s6RNRive15HybridViewModelC21createDefaultInstanceAA0bcdG13Spec_protocol_AA0bcdgH5_baseCXcSgyKF
FN:94,$s6RNRive15HybridViewModelC21createDefaultInstanceAA0bcdG13Spec_protocol_AA0bcdgH5_baseCXcSgyKFAHyYaKScMYccfU_
FN:97,$s6RNRive15HybridViewModelC26createDefaultInstanceAsync12NitroModules7PromiseCyAA0bcdG13Spec_protocol_AA0bcdgL5_baseCXcSgGyKF
FN:98,$s6RNRive15HybridViewModelC26createDefaultInstanceAsync12NitroModules7PromiseCyAA0bcdG13Spec_protocol_AA0bcdgL5_baseCXcSgGyKFAKyYaKcfU_
FN:101,$s6RNRive15HybridViewModelC18createInstanceImpl33_F2090CC70AB07A669EF8B57D4D22F811LLAA0bcdF13Spec_protocol_AA0bcdfQ5_baseCXcSgyYaKF
FN:107,$s6RNRive15HybridViewModelC14createInstanceAA0bcdF13Spec_protocol_AA0bcdfG5_baseCXcSgyKF
FN:109,$s6RNRive15HybridViewModelC14createInstanceAA0bcdF13Spec_protocol_AA0bcdfG5_baseCXcSgyKFAHyYaKScMYccfU_
FN:112,$s6RNRive15HybridViewModelC24createBlankInstanceAsync12NitroModules7PromiseCyAA0bcdG13Spec_protocol_AA0bcdgL5_baseCXcSgGyKF
FN:113,$s6RNRive15HybridViewModelC24createBlankInstanceAsync12NitroModules7PromiseCyAA0bcdG13Spec_protocol_AA0bcdgL5_baseCXcSgGyKFAKyYaKcfU_
FN:117,$s6RNRive15mapPropertyTypeySo7margeloO5nitroO4riveO09ViewModelcD0V11RiveRuntime0hiC0V04DataD0OF
FNDA:0,$s6RNRive15HybridViewModelC4file6vmName6workerAC11RiveRuntime4FileC_SSAG6WorkerCtcfc
FNDA:0,$s6RNRive15HybridViewModelC9modelNameSSvg
FNDA:0,$s6RNRive15HybridViewModelC13propertyCountSdvg
FNDA:0,$s6RNRive15HybridViewModelC13propertyCountSdvgSay11RiveRuntime0cD8PropertyVGyYaKScMYccfU_
FNDA:0,$s6RNRive15HybridViewModelC13instanceCountSdvg
FNDA:0,$s6RNRive15HybridViewModelC13instanceCountSdvgSaySSGyYaKScMYccfU_
FNDA:0,$s6RNRive15HybridViewModelC18getPropertiesAsync12NitroModules7PromiseCySaySo7margeloO5nitroO4riveO0cD12PropertyInfoVGGyKF
FNDA:0,$s6RNRive15HybridViewModelC18getPropertiesAsync12NitroModules7PromiseCySaySo7margeloO5nitroO4riveO0cD12PropertyInfoVGGyKFAPyYaKcfU_
FNDA:0,$s6RNRive15HybridViewModelC18getPropertiesAsync12NitroModules7PromiseCySaySo7margeloO5nitroO4riveO0cD12PropertyInfoVGGyKFAPyYaKcfU_AO11RiveRuntime0cdN0VXEfU_
FNDA:0,$s6RNRive15HybridViewModelC21getPropertyCountAsync12NitroModules7PromiseCySdGyKF
FNDA:0,$s6RNRive15HybridViewModelC21getPropertyCountAsync12NitroModules7PromiseCySdGyKFSdyYaKcfU_
FNDA:0,$s6RNRive15HybridViewModelC21getInstanceCountAsync12NitroModules7PromiseCySdGyKF
FNDA:0,$s6RNRive15HybridViewModelC21getInstanceCountAsync12NitroModules7PromiseCySdGyKFSdyYaKcfU_
FNDA:0,$s6RNRive15HybridViewModelC25createDefaultInstanceImpl33_F2090CC70AB07A669EF8B57D4D22F811LLAA0bcdG13Spec_protocol_AA0bcdgR5_baseCXcSgyYaKF
FNDA:0,$s6RNRive15HybridViewModelC25createInstanceByIndexImpl33_F2090CC70AB07A669EF8B57D4D22F811LL5indexAA0bcdF13Spec_protocol_AA0bcdfT5_baseCXcSgSd_tYaKF
FNDA:0,$s6RNRive15HybridViewModelC25createInstanceByIndexImpl33_F2090CC70AB07A669EF8B57D4D22F811LL5indexAA0bcdF13Spec_protocol_AA0bcdfT5_baseCXcSgSd_tYaKFSbyKXEfu_
FNDA:0,$s6RNRive15HybridViewModelC21createInstanceByIndex5indexAA0bcdF13Spec_protocol_AA0bcdfJ5_baseCXcSgSd_tKF
FNDA:0,$s6RNRive15HybridViewModelC21createInstanceByIndex5indexAA0bcdF13Spec_protocol_AA0bcdfJ5_baseCXcSgSd_tKFAIyYaKScMYccfU_
FNDA:0,$s6RNRive15HybridViewModelC24createInstanceByNameImpl33_F2090CC70AB07A669EF8B57D4D22F811LL4nameAA0bcdF13Spec_protocol_AA0bcdfT5_baseCXcSgSS_tYaKF
FNDA:0,$s6RNRive15HybridViewModelC20createInstanceByName4nameAA0bcdF13Spec_protocol_AA0bcdfJ5_baseCXcSgSS_tKF
FNDA:0,$s6RNRive15HybridViewModelC20createInstanceByName4nameAA0bcdF13Spec_protocol_AA0bcdfJ5_baseCXcSgSS_tKFAIyYaKScMYccfU_
FNDA:0,$s6RNRive15HybridViewModelC25createInstanceByNameAsync4name12NitroModules7PromiseCyAA0bcdF13Spec_protocol_AA0bcdfN5_baseCXcSgGSS_tKF
FNDA:0,$s6RNRive15HybridViewModelC25createInstanceByNameAsync4name12NitroModules7PromiseCyAA0bcdF13Spec_protocol_AA0bcdfN5_baseCXcSgGSS_tKFALyYaKcfU_
FNDA:0,$s6RNRive15HybridViewModelC21createDefaultInstanceAA0bcdG13Spec_protocol_AA0bcdgH5_baseCXcSgyKF
FNDA:0,$s6RNRive15HybridViewModelC21createDefaultInstanceAA0bcdG13Spec_protocol_AA0bcdgH5_baseCXcSgyKFAHyYaKScMYccfU_
FNDA:0,$s6RNRive15HybridViewModelC26createDefaultInstanceAsync12NitroModules7PromiseCyAA0bcdG13Spec_protocol_AA0bcdgL5_baseCXcSgGyKF
FNDA:0,$s6RNRive15HybridViewModelC26createDefaultInstanceAsync12NitroModules7PromiseCyAA0bcdG13Spec_protocol_AA0bcdgL5_baseCXcSgGyKFAKyYaKcfU_
FNDA:0,$s6RNRive15HybridViewModelC18createInstanceImpl33_F2090CC70AB07A669EF8B57D4D22F811LLAA0bcdF13Spec_protocol_AA0bcdfQ5_baseCXcSgyYaKF
FNDA:0,$s6RNRive15HybridViewModelC14createInstanceAA0bcdF13Spec_protocol_AA0bcdfG5_baseCXcSgyKF
FNDA:0,$s6RNRive15HybridViewModelC14createInstanceAA0bcdF13Spec_protocol_AA0bcdfG5_baseCXcSgyKFAHyYaKScMYccfU_
FNDA:0,$s6RNRive15HybridViewModelC24createBlankInstanceAsync12NitroModules7PromiseCyAA0bcdG13Spec_protocol_AA0bcdgL5_baseCXcSgGyKF
FNDA:0,$s6RNRive15HybridViewModelC24createBlankInstanceAsync12NitroModules7PromiseCyAA0bcdG13Spec_protocol_AA0bcdgL5_baseCXcSgGyKFAKyYaKcfU_
FNDA:0,$s6RNRive15mapPropertyTypeySo7margeloO5nitroO4riveO09ViewModelcD0V11RiveRuntime0hiC0V04DataD0OF
FNF:33
FNH:0
DA:9,0
DA:10,0
DA:11,0
DA:12,0
DA:13,0
DA:15,0
DA:17,0
DA:18,0
DA:19,0
DA:20,0
DA:21,0
DA:22,0
DA:23,0
DA:24,0
DA:25,0
DA:27,0
DA:28,0
DA:29,0
DA:30,0
DA:31,0
DA:32,0
DA:33,0
DA:34,0
DA:35,0
DA:37,0
DA:38,0
DA:39,0
DA:40,0
DA:41,0
DA:42,0
DA:44,0
DA:45,0
DA:46,0
DA:47,0
DA:48,0
DA:50,0
DA:51,0
DA:52,0
DA:53,0
DA:54,0
DA:56,0
DA:57,0
DA:58,0
DA:59,0
DA:61,0
DA:62,0
DA:63,0
DA:64,0
DA:65,0
DA:66,0
DA:67,0
DA:68,0
DA:71,0
DA:72,0
DA:73,0
DA:74,0
DA:76,0
DA:77,0
DA:78,0
DA:79,0
DA:82,0
DA:83,0
DA:84,0
DA:85,0
DA:87,0
DA:88,0
DA:89,0
DA:92,0
DA:93,0
DA:94,0
DA:95,0
DA:97,0
DA:98,0
DA:99,0
DA:101,0
DA:102,0
DA:103,0
DA:104,0
DA:107,0
DA:108,0
DA:109,0
DA:110,0
DA:112,0
DA:113,0
DA:114,0
DA:117,0
DA:118,0
DA:119,0
DA:120,0
DA:121,0
DA:122,0
DA:123,0
DA:124,0
DA:125,0
DA:126,0
DA:127,0
DA:128,0
DA:129,0
DA:130,0
DA:131,0
DA:132,0
DA:133,0
DA:134,0
DA:135,0
DA:136,0
BRF:0
BRH:0
LF:126
LH:0
end_of_record
SF:/Users/boga/Work/Margelo/Rive/rive-nitro-react-native-ios-experimental/ios/new/AssetLoader.swift
FN:9,$s6RNRive9AssetTypeO4fromACSo7margeloO5nitroO4riveO04RivebC0V_tcfC
FN:19,$s6RNRive9AssetTypeO8fromNameACSgSS_tcfC
FN:21,$s6RNRive9AssetTypeO8fromNameACSgSS_tcfcSbyKXEfu_
FN:21,$s6RNRive9AssetTypeO8fromNameACSgSS_tcfcSbyKXEfu0_
FN:21,$s6RNRive9AssetTypeO8fromNameACSgSS_tcfcSbyKXEfu1_
FN:23,$s6RNRive9AssetTypeO8fromNameACSgSS_tcfcSbyKXEfu2_
FN:25,$s6RNRive9AssetTypeO8fromNameACSgSS_tcfcSbyKXEfu3_
FN:25,$s6RNRive9AssetTypeO8fromNameACSgSS_tcfcSbyKXEfu4_
FN:25,$s6RNRive9AssetTypeO8fromNameACSgSS_tcfcSbyKXEfu5_
FN:39,$s6RNRive11AssetLoaderC14registerAssets_2onySo7margeloO5nitroO4riveO010ReferencedE4TypeVSg_11RiveRuntime6WorkerCtYaFZ
FN:42,$s6RNRive11AssetLoaderC14registerAssets_2onySo7margeloO5nitroO4riveO010ReferencedE4TypeVSg_11RiveRuntime6WorkerCtYaFZyScGyytGzYaXEfU_
FN:44,$s6RNRive11AssetLoaderC14registerAssets_2onySo7margeloO5nitroO4riveO010ReferencedE4TypeVSg_11RiveRuntime6WorkerCtYaFZyScGyytGzYaXEfU_yyYacfU_
FN:55,$s6RNRive11AssetLoaderC015loadAndRegisterB033_FD53447DC51ECEC91F8A8CC34592FDB2LL4name5asset6workerySS_So7margeloO5nitroO4riveO018ResolvedReferencedB0V11RiveRuntime6WorkerCtYaFZ
FN:69,$s6RNRive11AssetLoaderC015loadAndRegisterB033_FD53447DC51ECEC91F8A8CC34592FDB2LL4name5asset6workerySS_So7margeloO5nitroO4riveO018ResolvedReferencedB0V11RiveRuntime6WorkerCtYaFZAA0B4TypeOSgyKXEfu_
FN:82,$s6RNRive11AssetLoaderC04loadB4Data33_FD53447DC51ECEC91F8A8CC34592FDB2LLy10Foundation0E0VSo7margeloO5nitroO4riveO018ResolvedReferencedB0VYaKFZ
FN:89,$s6RNRive11AssetLoaderC05inferB4Type33_FD53447DC51ECEC91F8A8CC34592FDB2LL4from4dataAA0bE0OSgSo7margeloO5nitroO4riveO018ResolvedReferencedB0V_10Foundation4DataVtFZ
FN:109,$s6RNRive11AssetLoaderC05inferB18TypeFromMagicBytes33_FD53447DC51ECEC91F8A8CC34592FDB2LLyAA0bE0OSg10Foundation4DataVFZ
FN:114,$s6RNRive11AssetLoaderC05inferB18TypeFromMagicBytes33_FD53447DC51ECEC91F8A8CC34592FDB2LLyAA0bE0OSg10Foundation4DataVFZSbyKXEfu_
FN:114,$s6RNRive11AssetLoaderC05inferB18TypeFromMagicBytes33_FD53447DC51ECEC91F8A8CC34592FDB2LLyAA0bE0OSg10Foundation4DataVFZSbyKXEfu0_
FN:114,$s6RNRive11AssetLoaderC05inferB18TypeFromMagicBytes33_FD53447DC51ECEC91F8A8CC34592FDB2LLyAA0bE0OSg10Foundation4DataVFZSbyKXEfu1_
FN:118,$s6RNRive11AssetLoaderC05inferB18TypeFromMagicBytes33_FD53447DC51ECEC91F8A8CC34592FDB2LLyAA0bE0OSg10Foundation4DataVFZSbyKXEfu2_
FN:118,$s6RNRive11AssetLoaderC05inferB18TypeFromMagicBytes33_FD53447DC51ECEC91F8A8CC34592FDB2LLyAA0bE0OSg10Foundation4DataVFZSbyKXEfu3_
FN:122,$s6RNRive11AssetLoaderC05inferB18TypeFromMagicBytes33_FD53447DC51ECEC91F8A8CC34592FDB2LLyAA0bE0OSg10Foundation4DataVFZSbyKXEfu4_
FN:122,$s6RNRive11AssetLoaderC05inferB18TypeFromMagicBytes33_FD53447DC51ECEC91F8A8CC34592FDB2LLyAA0bE0OSg10Foundation4DataVFZSbyKXEfu5_
FN:122,$s6RNRive11AssetLoaderC05inferB18TypeFromMagicBytes33_FD53447DC51ECEC91F8A8CC34592FDB2LLyAA0bE0OSg10Foundation4DataVFZSbyKXEfu6_
FN:122,$s6RNRive11AssetLoaderC05inferB18TypeFromMagicBytes33_FD53447DC51ECEC91F8A8CC34592FDB2LLyAA0bE0OSg10Foundation4DataVFZSbyKXEfu7_
FN:124,$s6RNRive11AssetLoaderC05inferB18TypeFromMagicBytes33_FD53447DC51ECEC91F8A8CC34592FDB2LLyAA0bE0OSg10Foundation4DataVFZSbyKXEfu8_
FN:124,$s6RNRive11AssetLoaderC05inferB18TypeFromMagicBytes33_FD53447DC51ECEC91F8A8CC34592FDB2LLyAA0bE0OSg10Foundation4DataVFZSbyKXEfu9_
FN:124,$s6RNRive11AssetLoaderC05inferB18TypeFromMagicBytes33_FD53447DC51ECEC91F8A8CC34592FDB2LLyAA0bE0OSg10Foundation4DataVFZSbyKXEfu10_
FN:127,$s6RNRive11AssetLoaderC05inferB18TypeFromMagicBytes33_FD53447DC51ECEC91F8A8CC34592FDB2LLyAA0bE0OSg10Foundation4DataVFZSbyKXEfu11_
FN:127,$s6RNRive11AssetLoaderC05inferB18TypeFromMagicBytes33_FD53447DC51ECEC91F8A8CC34592FDB2LLyAA0bE0OSg10Foundation4DataVFZSbyKXEfu12_
FN:127,$s6RNRive11AssetLoaderC05inferB18TypeFromMagicBytes33_FD53447DC51ECEC91F8A8CC34592FDB2LLyAA0bE0OSg10Foundation4DataVFZSbyKXEfu13_
FN:132,$s6RNRive11AssetLoaderC05inferB18TypeFromMagicBytes33_FD53447DC51ECEC91F8A8CC34592FDB2LLyAA0bE0OSg10Foundation4DataVFZSbyKXEfu14_
FN:132,$s6RNRive11AssetLoaderC05inferB18TypeFromMagicBytes33_FD53447DC51ECEC91F8A8CC34592FDB2LLyAA0bE0OSg10Foundation4DataVFZSbyKXEfu15_
FN:132,$s6RNRive11AssetLoaderC05inferB18TypeFromMagicBytes33_FD53447DC51ECEC91F8A8CC34592FDB2LLyAA0bE0OSg10Foundation4DataVFZSbyKXEfu16_
FN:136,$s6RNRive11AssetLoaderC05inferB18TypeFromMagicBytes33_FD53447DC51ECEC91F8A8CC34592FDB2LLyAA0bE0OSg10Foundation4DataVFZSbyKXEfu17_
FN:136,$s6RNRive11AssetLoaderC05inferB18TypeFromMagicBytes33_FD53447DC51ECEC91F8A8CC34592FDB2LLyAA0bE0OSg10Foundation4DataVFZSbyKXEfu18_
FN:136,$s6RNRive11AssetLoaderC05inferB18TypeFromMagicBytes33_FD53447DC51ECEC91F8A8CC34592FDB2LLyAA0bE0OSg10Foundation4DataVFZSbyKXEfu19_
FN:140,$s6RNRive11AssetLoaderC05inferB18TypeFromMagicBytes33_FD53447DC51ECEC91F8A8CC34592FDB2LLyAA0bE0OSg10Foundation4DataVFZSbyKXEfu20_
FN:140,$s6RNRive11AssetLoaderC05inferB18TypeFromMagicBytes33_FD53447DC51ECEC91F8A8CC34592FDB2LLyAA0bE0OSg10Foundation4DataVFZSbyKXEfu20_SbyKXEfu21_
FN:140,$s6RNRive11AssetLoaderC05inferB18TypeFromMagicBytes33_FD53447DC51ECEC91F8A8CC34592FDB2LLyAA0bE0OSg10Foundation4DataVFZSbyKXEfu20_SbyKXEfu22_
FN:143,$s6RNRive11AssetLoaderC05inferB18TypeFromMagicBytes33_FD53447DC51ECEC91F8A8CC34592FDB2LLyAA0bE0OSg10Foundation4DataVFZSbyKXEfu23_
FN:143,$s6RNRive11AssetLoaderC05inferB18TypeFromMagicBytes33_FD53447DC51ECEC91F8A8CC34592FDB2LLyAA0bE0OSg10Foundation4DataVFZSbyKXEfu24_
FN:147,$s6RNRive11AssetLoaderC05inferB18TypeFromMagicBytes33_FD53447DC51ECEC91F8A8CC34592FDB2LLyAA0bE0OSg10Foundation4DataVFZSbyKXEfu25_
FN:147,$s6RNRive11AssetLoaderC05inferB18TypeFromMagicBytes33_FD53447DC51ECEC91F8A8CC34592FDB2LLyAA0bE0OSg10Foundation4DataVFZSbyKXEfu26_
FN:147,$s6RNRive11AssetLoaderC05inferB18TypeFromMagicBytes33_FD53447DC51ECEC91F8A8CC34592FDB2LLyAA0bE0OSg10Foundation4DataVFZSbyKXEfu27_
FN:151,$s6RNRive11AssetLoaderC05inferB18TypeFromMagicBytes33_FD53447DC51ECEC91F8A8CC34592FDB2LLyAA0bE0OSg10Foundation4DataVFZSbyKXEfu28_
FN:151,$s6RNRive11AssetLoaderC05inferB18TypeFromMagicBytes33_FD53447DC51ECEC91F8A8CC34592FDB2LLyAA0bE0OSg10Foundation4DataVFZSbyKXEfu29_
FN:151,$s6RNRive11AssetLoaderC05inferB18TypeFromMagicBytes33_FD53447DC51ECEC91F8A8CC34592FDB2LLyAA0bE0OSg10Foundation4DataVFZSbyKXEfu30_
FN:163,$s6RNRive11AssetLoaderC08registerB033_FD53447DC51ECEC91F8A8CC34592FDB2LL4data4name4type6workery10Foundation4DataV_SSAA0B4TypeO11RiveRuntime6WorkerCtYaKFZ
FNDA:0,$s6RNRive9AssetTypeO4fromACSo7margeloO5nitroO4riveO04RivebC0V_tcfC
FNDA:0,$s6RNRive9AssetTypeO8fromNameACSgSS_tcfC
FNDA:0,$s6RNRive9AssetTypeO8fromNameACSgSS_tcfcSbyKXEfu_
FNDA:0,$s6RNRive9AssetTypeO8fromNameACSgSS_tcfcSbyKXEfu0_
FNDA:0,$s6RNRive9AssetTypeO8fromNameACSgSS_tcfcSbyKXEfu1_
FNDA:0,$s6RNRive9AssetTypeO8fromNameACSgSS_tcfcSbyKXEfu2_
FNDA:0,$s6RNRive9AssetTypeO8fromNameACSgSS_tcfcSbyKXEfu3_
FNDA:0,$s6RNRive9AssetTypeO8fromNameACSgSS_tcfcSbyKXEfu4_
FNDA:0,$s6RNRive9AssetTypeO8fromNameACSgSS_tcfcSbyKXEfu5_
FNDA:0,$s6RNRive11AssetLoaderC14registerAssets_2onySo7margeloO5nitroO4riveO010ReferencedE4TypeVSg_11RiveRuntime6WorkerCtYaFZ
FNDA:0,$s6RNRive11AssetLoaderC14registerAssets_2onySo7margeloO5nitroO4riveO010ReferencedE4TypeVSg_11RiveRuntime6WorkerCtYaFZyScGyytGzYaXEfU_
FNDA:0,$s6RNRive11AssetLoaderC14registerAssets_2onySo7margeloO5nitroO4riveO010ReferencedE4TypeVSg_11RiveRuntime6WorkerCtYaFZyScGyytGzYaXEfU_yyYacfU_
FNDA:0,$s6RNRive11AssetLoaderC015loadAndRegisterB033_FD53447DC51ECEC91F8A8CC34592FDB2LL4name5asset6workerySS_So7margeloO5nitroO4riveO018ResolvedReferencedB0V11RiveRuntime6WorkerCtYaFZ
FNDA:0,$s6RNRive11AssetLoaderC015loadAndRegisterB033_FD53447DC51ECEC91F8A8CC34592FDB2LL4name5asset6workerySS_So7margeloO5nitroO4riveO018ResolvedReferencedB0V11RiveRuntime6WorkerCtYaFZAA0B4TypeOSgyKXEfu_
FNDA:0,$s6RNRive11AssetLoaderC04loadB4Data33_FD53447DC51ECEC91F8A8CC34592FDB2LLy10Foundation0E0VSo7margeloO5nitroO4riveO018ResolvedReferencedB0VYaKFZ
FNDA:0,$s6RNRive11AssetLoaderC05inferB4Type33_FD53447DC51ECEC91F8A8CC34592FDB2LL4from4dataAA0bE0OSgSo7margeloO5nitroO4riveO018ResolvedReferencedB0V_10Foundation4DataVtFZ
FNDA:0,$s6RNRive11AssetLoaderC05inferB18TypeFromMagicBytes33_FD53447DC51ECEC91F8A8CC34592FDB2LLyAA0bE0OSg10Foundation4DataVFZ
FNDA:0,$s6RNRive11AssetLoaderC05inferB18TypeFromMagicBytes33_FD53447DC51ECEC91F8A8CC34592FDB2LLyAA0bE0OSg10Foundation4DataVFZSbyKXEfu_
FNDA:0,$s6RNRive11AssetLoaderC05inferB18TypeFromMagicBytes33_FD53447DC51ECEC91F8A8CC34592FDB2LLyAA0bE0OSg10Foundation4DataVFZSbyKXEfu0_
FNDA:0,$s6RNRive11AssetLoaderC05inferB18TypeFromMagicBytes33_FD53447DC51ECEC91F8A8CC34592FDB2LLyAA0bE0OSg10Foundation4DataVFZSbyKXEfu1_
FNDA:0,$s6RNRive11AssetLoaderC05inferB18TypeFromMagicBytes33_FD53447DC51ECEC91F8A8CC34592FDB2LLyAA0bE0OSg10Foundation4DataVFZSbyKXEfu2_
FNDA:0,$s6RNRive11AssetLoaderC05inferB18TypeFromMagicBytes33_FD53447DC51ECEC91F8A8CC34592FDB2LLyAA0bE0OSg10Foundation4DataVFZSbyKXEfu3_
FNDA:0,$s6RNRive11AssetLoaderC05inferB18TypeFromMagicBytes33_FD53447DC51ECEC91F8A8CC34592FDB2LLyAA0bE0OSg10Foundation4DataVFZSbyKXEfu4_
FNDA:0,$s6RNRive11AssetLoaderC05inferB18TypeFromMagicBytes33_FD53447DC51ECEC91F8A8CC34592FDB2LLyAA0bE0OSg10Foundation4DataVFZSbyKXEfu5_
FNDA:0,$s6RNRive11AssetLoaderC05inferB18TypeFromMagicBytes33_FD53447DC51ECEC91F8A8CC34592FDB2LLyAA0bE0OSg10Foundation4DataVFZSbyKXEfu6_
FNDA:0,$s6RNRive11AssetLoaderC05inferB18TypeFromMagicBytes33_FD53447DC51ECEC91F8A8CC34592FDB2LLyAA0bE0OSg10Foundation4DataVFZSbyKXEfu7_
FNDA:0,$s6RNRive11AssetLoaderC05inferB18TypeFromMagicBytes33_FD53447DC51ECEC91F8A8CC34592FDB2LLyAA0bE0OSg10Foundation4DataVFZSbyKXEfu8_
FNDA:0,$s6RNRive11AssetLoaderC05inferB18TypeFromMagicBytes33_FD53447DC51ECEC91F8A8CC34592FDB2LLyAA0bE0OSg10Foundation4DataVFZSbyKXEfu9_
FNDA:0,$s6RNRive11AssetLoaderC05inferB18TypeFromMagicBytes33_FD53447DC51ECEC91F8A8CC34592FDB2LLyAA0bE0OSg10Foundation4DataVFZSbyKXEfu10_
FNDA:0,$s6RNRive11AssetLoaderC05inferB18TypeFromMagicBytes33_FD53447DC51ECEC91F8A8CC34592FDB2LLyAA0bE0OSg10Foundation4DataVFZSbyKXEfu11_
FNDA:0,$s6RNRive11AssetLoaderC05inferB18TypeFromMagicBytes33_FD53447DC51ECEC91F8A8CC34592FDB2LLyAA0bE0OSg10Foundation4DataVFZSbyKXEfu12_
FNDA:0,$s6RNRive11AssetLoaderC05inferB18TypeFromMagicBytes33_FD53447DC51ECEC91F8A8CC34592FDB2LLyAA0bE0OSg10Foundation4DataVFZSbyKXEfu13_
FNDA:0,$s6RNRive11AssetLoaderC05inferB18TypeFromMagicBytes33_FD53447DC51ECEC91F8A8CC34592FDB2LLyAA0bE0OSg10Foundation4DataVFZSbyKXEfu14_
FNDA:0,$s6RNRive11AssetLoaderC05inferB18TypeFromMagicBytes33_FD53447DC51ECEC91F8A8CC34592FDB2LLyAA0bE0OSg10Foundation4DataVFZSbyKXEfu15_
FNDA:0,$s6RNRive11AssetLoaderC05inferB18TypeFromMagicBytes33_FD53447DC51ECEC91F8A8CC34592FDB2LLyAA0bE0OSg10Foundation4DataVFZSbyKXEfu16_
FNDA:0,$s6RNRive11AssetLoaderC05inferB18TypeFromMagicBytes33_FD53447DC51ECEC91F8A8CC34592FDB2LLyAA0bE0OSg10Foundation4DataVFZSbyKXEfu17_
FNDA:0,$s6RNRive11AssetLoaderC05inferB18TypeFromMagicBytes33_FD53447DC51ECEC91F8A8CC34592FDB2LLyAA0bE0OSg10Foundation4DataVFZSbyKXEfu18_
FNDA:0,$s6RNRive11AssetLoaderC05inferB18TypeFromMagicBytes33_FD53447DC51ECEC91F8A8CC34592FDB2LLyAA0bE0OSg10Foundation4DataVFZSbyKXEfu19_
FNDA:0,$s6RNRive11AssetLoaderC05inferB18TypeFromMagicBytes33_FD53447DC51ECEC91F8A8CC34592FDB2LLyAA0bE0OSg10Foundation4DataVFZSbyKXEfu20_
FNDA:0,$s6RNRive11AssetLoaderC05inferB18TypeFromMagicBytes33_FD53447DC51ECEC91F8A8CC34592FDB2LLyAA0bE0OSg10Foundation4DataVFZSbyKXEfu20_SbyKXEfu21_
FNDA:0,$s6RNRive11AssetLoaderC05inferB18TypeFromMagicBytes33_FD53447DC51ECEC91F8A8CC34592FDB2LLyAA0bE0OSg10Foundation4DataVFZSbyKXEfu20_SbyKXEfu22_
FNDA:0,$s6RNRive11AssetLoaderC05inferB18TypeFromMagicBytes33_FD53447DC51ECEC91F8A8CC34592FDB2LLyAA0bE0OSg10Foundation4DataVFZSbyKXEfu23_
FNDA:0,$s6RNRive11AssetLoaderC05inferB18TypeFromMagicBytes33_FD53447DC51ECEC91F8A8CC34592FDB2LLyAA0bE0OSg10Foundation4DataVFZSbyKXEfu24_
FNDA:0,$s6RNRive11AssetLoaderC05inferB18TypeFromMagicBytes33_FD53447DC51ECEC91F8A8CC34592FDB2LLyAA0bE0OSg10Foundation4DataVFZSbyKXEfu25_
FNDA:0,$s6RNRive11AssetLoaderC05inferB18TypeFromMagicBytes33_FD53447DC51ECEC91F8A8CC34592FDB2LLyAA0bE0OSg10Foundation4DataVFZSbyKXEfu26_
FNDA:0,$s6RNRive11AssetLoaderC05inferB18TypeFromMagicBytes33_FD53447DC51ECEC91F8A8CC34592FDB2LLyAA0bE0OSg10Foundation4DataVFZSbyKXEfu27_
FNDA:0,$s6RNRive11AssetLoaderC05inferB18TypeFromMagicBytes33_FD53447DC51ECEC91F8A8CC34592FDB2LLyAA0bE0OSg10Foundation4DataVFZSbyKXEfu28_
FNDA:0,$s6RNRive11AssetLoaderC05inferB18TypeFromMagicBytes33_FD53447DC51ECEC91F8A8CC34592FDB2LLyAA0bE0OSg10Foundation4DataVFZSbyKXEfu29_
FNDA:0,$s6RNRive11AssetLoaderC05inferB18TypeFromMagicBytes33_FD53447DC51ECEC91F8A8CC34592FDB2LLyAA0bE0OSg10Foundation4DataVFZSbyKXEfu30_
FNDA:0,$s6RNRive11AssetLoaderC08registerB033_FD53447DC51ECEC91F8A8CC34592FDB2LL4data4name4type6workery10Foundation4DataV_SSAA0B4TypeO11RiveRuntime6WorkerCtYaKFZ
FNF:50
FNH:0
DA:9,0
DA:10,0
DA:11,0
DA:12,0
DA:13,0
DA:14,0
DA:15,0
DA:19,0
DA:20,0
DA:21,0
DA:22,0
DA:23,0
DA:24,0
DA:25,0
DA:26,0
DA:27,0
DA:28,0
DA:29,0
DA:30,0
DA:39,0
DA:40,0
DA:41,0
DA:42,0
DA:43,0
DA:44,0
DA:45,0
DA:46,0
DA:47,0
DA:48,0
DA:49,0
DA:55,0
DA:56,0
DA:57,0
DA:58,0
DA:59,0
DA:60,0
DA:61,0
DA:62,0
DA:63,0
DA:64,0
DA:65,0
DA:66,0
DA:67,0
DA:68,0
DA:69,0
DA:70,0
DA:71,0
DA:72,0
DA:73,0
DA:74,0
DA:75,0
DA:76,0
DA:77,0
DA:78,0
DA:79,0
DA:80,0
DA:82,0
DA:83,0
DA:84,0
DA:85,0
DA:86,0
DA:87,0
DA:89,0
DA:90,0
DA:91,0
DA:92,0
DA:93,0
DA:94,0
DA:95,0
DA:96,0
DA:97,0
DA:98,0
DA:99,0
DA:100,0
DA:101,0
DA:102,0
DA:103,0
DA:104,0
DA:105,0
DA:106,0
DA:107,0
DA:109,0
DA:110,0
DA:111,0
DA:112,0
DA:113,0
DA:114,0
DA:115,0
DA:116,0
DA:117,0
DA:118,0
DA:119,0
DA:120,0
DA:121,0
DA:122,0
DA:123,0
DA:124,0
DA:125,0
DA:126,0
DA:127,0
DA:128,0
DA:129,0
DA:130,0
DA:131,0
DA:132,0
DA:133,0
DA:134,0
DA:135,0
DA:136,0
DA:137,0
DA:138,0
DA:139,0
DA:140,0
DA:141,0
DA:142,0
DA:143,0
DA:144,0
DA:145,0
DA:146,0
DA:147,0
DA:148,0
DA:149,0
DA:150,0
DA:151,0
DA:152,0
DA:153,0
DA:154,0
DA:155,0
DA:156,0
DA:163,0
DA:164,0
DA:165,0
DA:166,0
DA:167,0
DA:168,0
DA:169,0
DA:170,0
DA:171,0
DA:172,0
DA:173,0
DA:174,0
DA:175,0
DA:176,0
DA:177,0
DA:178,0
DA:179,0
DA:180,0
BRF:0
BRH:0
LF:197
LH:0
end_of_record
SF:/Users/boga/Work/Margelo/Rive/rive-nitro-react-native-ios-experimental/ios/new/HybridBindableArtboard.swift
FN:8,$s6RNRive22HybridBindableArtboardC4name4fileACSS_11RiveRuntime4FileCtcfc
FN:14,$s6RNRive22HybridBindableArtboardC12artboardNameSSvg
FN:16,$s6RNRive22HybridBindableArtboardC7disposeyyF
FNDA:0,$s6RNRive22HybridBindableArtboardC4name4fileACSS_11RiveRuntime4FileCtcfc
FNDA:0,$s6RNRive22HybridBindableArtboardC12artboardNameSSvg
FNDA:0,$s6RNRive22HybridBindableArtboardC7disposeyyF
FNF:3
FNH:0
DA:8,0
DA:9,0
DA:10,0
DA:11,0
DA:12,0
DA:14,0
DA:16,0
DA:17,0
DA:18,0
BRF:0
BRH:0
LF:9
LH:0
end_of_record
SF:/Users/boga/Work/Margelo/Rive/rive-nitro-react-native-ios-experimental/ios/new/HybridViewModelColorProperty.swift
FN:7,$s6RNRive28HybridViewModelColorPropertyC13listenerTasks33_790FBBC17AB024C06F23740A00E16C91LLSDy10Foundation4UUIDVScTyyts5NeverOGGvpfi
FN:9,$s6RNRive28HybridViewModelColorPropertyC8instance4pathAC11RiveRuntime0cD8InstanceC_SStcfc
FN:15,$s6RNRive28HybridViewModelColorPropertyC05fetchE5Value33_790FBBC17AB024C06F23740A00E16C91LLSdyYaKF
FN:22,$s6RNRive28HybridViewModelColorPropertyC5valueSdvg
FN:25,$s6RNRive28HybridViewModelColorPropertyC5valueSdvgSdyYaKScMYccfU_
FN:31,$s6RNRive28HybridViewModelColorPropertyC5valueSdvs
FN:34,$s6RNRive28HybridViewModelColorPropertyC3set5valueySd_tKF
FN:38,$s6RNRive28HybridViewModelColorPropertyC3set5valueySd_tKFyyYaScMYccfU_
FN:43,$s6RNRive28HybridViewModelColorPropertyC13getValueAsync12NitroModules7PromiseCySdGyKF
FN:44,$s6RNRive28HybridViewModelColorPropertyC13getValueAsync12NitroModules7PromiseCySdGyKFSdyYaKcfU_
FN:47,$s6RNRive28HybridViewModelColorPropertyC11addListener9onChangedyycySdc_tKF
FN:49,$s6RNRive28HybridViewModelColorPropertyC11addListener9onChangedyycySdc_tKFyyYacfU_
FN:69,$s6RNRive28HybridViewModelColorPropertyC11addListener9onChangedyycySdc_tKFyycfU0_
FN:75,$s6RNRive28HybridViewModelColorPropertyC15removeListenersyyKF
FN:76,$s6RNRive28HybridViewModelColorPropertyC15removeListenersyyKFyScTyyts5NeverOGXEfU_
FN:80,$s6RNRive28HybridViewModelColorPropertyC7disposeyyKF
FN:84,$s6RNRive28HybridViewModelColorPropertyCfd
FN:85,$s6RNRive28HybridViewModelColorPropertyCfdyScTyyts5NeverOGXEfU_
FNDA:0,$s6RNRive28HybridViewModelColorPropertyC13listenerTasks33_790FBBC17AB024C06F23740A00E16C91LLSDy10Foundation4UUIDVScTyyts5NeverOGGvpfi
FNDA:0,$s6RNRive28HybridViewModelColorPropertyC8instance4pathAC11RiveRuntime0cD8InstanceC_SStcfc
FNDA:0,$s6RNRive28HybridViewModelColorPropertyC05fetchE5Value33_790FBBC17AB024C06F23740A00E16C91LLSdyYaKF
FNDA:0,$s6RNRive28HybridViewModelColorPropertyC5valueSdvg
FNDA:0,$s6RNRive28HybridViewModelColorPropertyC5valueSdvgSdyYaKScMYccfU_
FNDA:0,$s6RNRive28HybridViewModelColorPropertyC5valueSdvs
FNDA:0,$s6RNRive28HybridViewModelColorPropertyC3set5valueySd_tKF
FNDA:0,$s6RNRive28HybridViewModelColorPropertyC3set5valueySd_tKFyyYaScMYccfU_
FNDA:0,$s6RNRive28HybridViewModelColorPropertyC13getValueAsync12NitroModules7PromiseCySdGyKF
FNDA:0,$s6RNRive28HybridViewModelColorPropertyC13getValueAsync12NitroModules7PromiseCySdGyKFSdyYaKcfU_
FNDA:0,$s6RNRive28HybridViewModelColorPropertyC11addListener9onChangedyycySdc_tKF
FNDA:0,$s6RNRive28HybridViewModelColorPropertyC11addListener9onChangedyycySdc_tKFyyYacfU_
FNDA:0,$s6RNRive28HybridViewModelColorPropertyC11addListener9onChangedyycySdc_tKFyycfU0_
FNDA:0,$s6RNRive28HybridViewModelColorPropertyC15removeListenersyyKF
FNDA:0,$s6RNRive28HybridViewModelColorPropertyC15removeListenersyyKFyScTyyts5NeverOGXEfU_
FNDA:0,$s6RNRive28HybridViewModelColorPropertyC7disposeyyKF
FNDA:0,$s6RNRive28HybridViewModelColorPropertyCfd
FNDA:0,$s6RNRive28HybridViewModelColorPropertyCfdyScTyyts5NeverOGXEfU_
FNF:18
FNH:0
DA:7,0
DA:9,0
DA:10,0
DA:11,0
DA:12,0
DA:13,0
DA:15,0
DA:16,0
DA:17,0
DA:18,0
DA:22,0
DA:23,0
DA:24,0
DA:25,0
DA:26,0
DA:27,0
DA:28,0
DA:29,0
DA:30,0
DA:31,0
DA:34,0
DA:35,0
DA:36,0
DA:37,0
DA:38,0
DA:39,0
DA:40,0
DA:41,0
DA:43,0
DA:44,0
DA:45,0
DA:47,0
DA:48,0
DA:49,0
DA:50,0
DA:51,0
DA:52,0
DA:53,0
DA:54,0
DA:55,0
DA:56,0
DA:57,0
DA:58,0
DA:59,0
DA:60,0
DA:61,0
DA:62,0
DA:63,0
DA:64,0
DA:65,0
DA:66,0
DA:67,0
DA:68,0
DA:69,0
DA:70,0
DA:71,0
DA:72,0
DA:73,0
DA:75,0
DA:76,0
DA:77,0
DA:78,0
DA:80,0
DA:81,0
DA:82,0
DA:84,0
DA:85,0
DA:86,0
BRF:0
BRH:0
LF:98
LH:0
end_of_record
SF:/Users/boga/Work/Margelo/Rive/rive-nitro-react-native-ios-experimental/ios/new/RiveRuntimeLogger.swift
FN:3,$s6RNRive7tagName33_2B21E31FB3F6A92DBAD7EA32FCECCDBELLySS11RiveRuntime0L3LogO3TagOF
FN:24,$s6RNRive17RiveRuntimeLoggerC6notice3tag_y0bC00B3LogO3TagO_SSyctF
FN:28,$s6RNRive17RiveRuntimeLoggerC5debug3tag_y0bC00B3LogO3TagO_SSyctF
FN:32,$s6RNRive17RiveRuntimeLoggerC5trace3tag_y0bC00B3LogO3TagO_SSyctF
FN:36,$s6RNRive17RiveRuntimeLoggerC4info3tag_y0bC00B3LogO3TagO_SSyctF
FN:40,$s6RNRive17RiveRuntimeLoggerC5error3tagAD_y0bC00B3LogO3TagO_s5Error_pSgSSyctF
FN:41,$s6RNRive17RiveRuntimeLoggerC5error3tagAD_y0bC00B3LogO3TagO_s5Error_pSgSSyctFSSsAK_pXEfU_
FN:41,$s6RNRive17RiveRuntimeLoggerC5error3tagAD_y0bC00B3LogO3TagO_s5Error_pSgSSyctFSSyKXEfu_
FN:45,$s6RNRive17RiveRuntimeLoggerC7warning3tag_y0bC00B3LogO3TagO_SSyctF
FN:49,$s6RNRive17RiveRuntimeLoggerC5fault3tag_y0bC00B3LogO3TagO_SSyctF
FN:53,$s6RNRive17RiveRuntimeLoggerC8critical3tag_y0bC00B3LogO3TagO_SSyctF
FNDA:0,$s6RNRive7tagName33_2B21E31FB3F6A92DBAD7EA32FCECCDBELLySS11RiveRuntime0L3LogO3TagOF
FNDA:0,$s6RNRive17RiveRuntimeLoggerC6notice3tag_y0bC00B3LogO3TagO_SSyctF
FNDA:0,$s6RNRive17RiveRuntimeLoggerC5debug3tag_y0bC00B3LogO3TagO_SSyctF
FNDA:0,$s6RNRive17RiveRuntimeLoggerC5trace3tag_y0bC00B3LogO3TagO_SSyctF
FNDA:0,$s6RNRive17RiveRuntimeLoggerC4info3tag_y0bC00B3LogO3TagO_SSyctF
FNDA:0,$s6RNRive17RiveRuntimeLoggerC5error3tagAD_y0bC00B3LogO3TagO_s5Error_pSgSSyctF
FNDA:0,$s6RNRive17RiveRuntimeLoggerC5error3tagAD_y0bC00B3LogO3TagO_s5Error_pSgSSyctFSSsAK_pXEfU_
FNDA:0,$s6RNRive17RiveRuntimeLoggerC5error3tagAD_y0bC00B3LogO3TagO_s5Error_pSgSSyctFSSyKXEfu_
FNDA:0,$s6RNRive17RiveRuntimeLoggerC7warning3tag_y0bC00B3LogO3TagO_SSyctF
FNDA:0,$s6RNRive17RiveRuntimeLoggerC5fault3tag_y0bC00B3LogO3TagO_SSyctF
FNDA:0,$s6RNRive17RiveRuntimeLoggerC8critical3tag_y0bC00B3LogO3TagO_SSyctF
FNF:11
FNH:0
DA:3,0
DA:4,0
DA:5,0
DA:6,0
DA:7,0
DA:8,0
DA:9,0
DA:10,0
DA:11,0
DA:12,0
DA:13,0
DA:14,0
DA:15,0
DA:16,0
DA:17,0
DA:18,0
DA:24,0
DA:25,0
DA:26,0
DA:28,0
DA:29,0
DA:30,0
DA:32,0
DA:33,0
DA:34,0
DA:36,0
DA:37,0
DA:38,0
DA:40,0
DA:41,0
DA:42,0
DA:43,0
DA:45,0
DA:46,0
DA:47,0
DA:49,0
DA:50,0
DA:51,0
DA:53,0
DA:54,0
DA:55,0
BRF:0
BRH:0
LF:43
LH:0
end_of_record
SF:/Users/boga/Work/Margelo/Rive/rive-nitro-react-native-ios-experimental/ios/new/HybridViewModelImageProperty.swift
FN:8,$s6RNRive28HybridViewModelImagePropertyC13listenerTasks09_9F426B67J21C67C37F8794B75A79F0BALLSDy10Foundation4UUIDVScTyyts5NeverOGGvpfi
FN:10,$s6RNRive28HybridViewModelImagePropertyC8instance4path6workerAC11RiveRuntime0cD8InstanceC_SSAG6WorkerCtcfc
FN:17,$s6RNRive28HybridViewModelImagePropertyCACycfc
FN:21,$s6RNRive28HybridViewModelImagePropertyC3set5imageyAA0b4RiveE13Spec_protocol_AA0bieJ5_baseCXcSg_tKF
FN:29,$s6RNRive28HybridViewModelImagePropertyC3set5imageyAA0b4RiveE13Spec_protocol_AA0bieJ5_baseCXcSg_tKFyyYacfU_
FN:39,$s6RNRive28HybridViewModelImagePropertyC11addListener9onChangedyycyyc_tKF
FN:41,$s6RNRive28HybridViewModelImagePropertyC11addListener9onChangedyycyyc_tKFyycfU_
FN:44,$s6RNRive28HybridViewModelImagePropertyC15removeListenersyyKF
FN:45,$s6RNRive28HybridViewModelImagePropertyC15removeListenersyyKFyScTyyts5NeverOGXEfU_
FN:49,$s6RNRive28HybridViewModelImagePropertyC7disposeyyKF
[...]
FN:64,$s6RNRive27HybridViewModelListPropertyC11addInstance8instanceyAA0bcdH13Spec_protocol_AA0bcdhJ5_baseCXc_tKFyyYaScMYccfU_
FN:70,$s6RNRive27HybridViewModelListPropertyC13addInstanceAt8instance5indexSbAA0bcdH13Spec_protocol_AA0bcdhL5_baseCXc_SdtKF
FN:79,$s6RNRive27HybridViewModelListPropertyC13addInstanceAt8instance5indexSbAA0bcdH13Spec_protocol_AA0bcdhL5_baseCXc_SdtKFyyYaScMYccfU_
FN:86,$s6RNRive27HybridViewModelListPropertyC14removeInstance8instanceyAA0bcdH13Spec_protocol_AA0bcdhJ5_baseCXc_tKF
FN:94,$s6RNRive27HybridViewModelListPropertyC14removeInstance8instanceyAA0bcdH13Spec_protocol_AA0bcdhJ5_baseCXc_tKFyyYaScMYccfU_
FN:100,$s6RNRive27HybridViewModelListPropertyC16removeInstanceAt5indexySd_tKF
FN:105,$s6RNRive27HybridViewModelListPropertyC16removeInstanceAt5indexySd_tKFyyYaScMYccfU_
FN:111,$s6RNRive27HybridViewModelListPropertyC4swap6index16index2SbSd_SdtKF
FN:117,$s6RNRive27HybridViewModelListPropertyC4swap6index16index2SbSd_SdtKFyyYaScMYccfU_
FN:123,$s6RNRive27HybridViewModelListPropertyC16addInstanceAsync8instance12NitroModules7PromiseCyytGAA0bcdH13Spec_protocol_AA0bcdhN5_baseCXc_tKF
FN:130,$s6RNRive27HybridViewModelListPropertyC16addInstanceAsync8instance12NitroModules7PromiseCyytGAA0bcdH13Spec_protocol_AA0bcdhN5_baseCXc_tKFyyYaScMYccfU_
FN:135,$s6RNRive27HybridViewModelListPropertyC18addInstanceAtAsync8instance5index12NitroModules7PromiseCyytGAA0bcdH13Spec_protocol_AA0bcdhP5_baseCXc_SdtKF
FN:143,$s6RNRive27HybridViewModelListPropertyC18addInstanceAtAsync8instance5index12NitroModules7PromiseCyytGAA0bcdH13Spec_protocol_AA0bcdhP5_baseCXc_SdtKFyyYaScMYccfU_
FN:148,$s6RNRive27HybridViewModelListPropertyC19removeInstanceAsync8instance12NitroModules7PromiseCyytGAA0bcdH13Spec_protocol_AA0bcdhN5_baseCXc_tKF
FN:155,$s6RNRive27HybridViewModelListPropertyC19removeInstanceAsync8instance12NitroModules7PromiseCyytGAA0bcdH13Spec_protocol_AA0bcdhN5_baseCXc_tKFyyYaScMYccfU_
FN:160,$s6RNRive27HybridViewModelListPropertyC21removeInstanceAtAsync5index12NitroModules7PromiseCyytGSd_tKF
FN:164,$s6RNRive27HybridViewModelListPropertyC21removeInstanceAtAsync5index12NitroModules7PromiseCyytGSd_tKFyyYaScMYccfU_
FN:169,$s6RNRive27HybridViewModelListPropertyC9swapAsync6index16index212NitroModules7PromiseCyytGSd_SdtKF
FN:174,$s6RNRive27HybridViewModelListPropertyC9swapAsync6index16index212NitroModules7PromiseCyytGSd_SdtKFyyYaScMYccfU_
FN:179,$s6RNRive27HybridViewModelListPropertyC11addListener9onChangedyycyyc_tKF
FN:182,$s6RNRive27HybridViewModelListPropertyC11addListener9onChangedyycyyc_tKFyycfU_
FN:185,$s6RNRive27HybridViewModelListPropertyC15removeListenersyyKF
FN:186,$s6RNRive27HybridViewModelListPropertyC15removeListenersyyKFyScTyyts5NeverOGXEfU_
FN:190,$s6RNRive27HybridViewModelListPropertyC7disposeyyKF
FN:194,$s6RNRive27HybridViewModelListPropertyCfd
FN:195,$s6RNRive27HybridViewModelListPropertyCfdyScTyyts5NeverOGXEfU_
FNDA:0,$s6RNRive27HybridViewModelListPropertyC13listenerTasks33_DE79FB17423BAE55F5AD5D178AF2F387LLSDy10Foundation4UUIDVScTyyts5NeverOGGvpfi
FNDA:0,$s6RNRive27HybridViewModelListPropertyC8instance4path6workerAC11RiveRuntime0cD8InstanceC_SSAG6WorkerCtcfc
FNDA:0,$s6RNRive27HybridViewModelListPropertyC6lengthSdvg
FNDA:0,$s6RNRive27HybridViewModelListPropertyC6lengthSdvgSdyYaKScMYccfU_
FNDA:0,$s6RNRive27HybridViewModelListPropertyC14getLengthAsync12NitroModules7PromiseCySdGyKF
FNDA:0,$s6RNRive27HybridViewModelListPropertyC14getLengthAsync12NitroModules7PromiseCySdGyKFSdyYaKcfU_
FNDA:0,$s6RNRive27HybridViewModelListPropertyC13fetchInstance33_DE79FB17423BAE55F5AD5D178AF2F387LL2atAA0bcdH13Spec_protocol_AA0bcdhR5_baseCXcSgSd_tYaKF
FNDA:0,$s6RNRive27HybridViewModelListPropertyC13getInstanceAt5indexAA0bcdH13Spec_protocol_AA0bcdhK5_baseCXcSgSd_tKF
FNDA:0,$s6RNRive27HybridViewModelListPropertyC13getInstanceAt5indexAA0bcdH13Spec_protocol_AA0bcdhK5_baseCXcSgSd_tKFAIyYaKScMYccfU_
FNDA:0,$s6RNRive27HybridViewModelListPropertyC18getInstanceAtAsync5index12NitroModules7PromiseCyAA0bcdH13Spec_protocol_AA0bcdhO5_baseCXcSgGSd_tKF
FNDA:0,$s6RNRive27HybridViewModelListPropertyC18getInstanceAtAsync5index12NitroModules7PromiseCyAA0bcdH13Spec_protocol_AA0bcdhO5_baseCXcSgGSd_tKFALyYaKcfU_
FNDA:0,$s6RNRive27HybridViewModelListPropertyC11addInstance8instanceyAA0bcdH13Spec_protocol_AA0bcdhJ5_baseCXc_tKF
FNDA:0,$s6RNRive27HybridViewModelListPropertyC11addInstance8instanceyAA0bcdH13Spec_protocol_AA0bcdhJ5_baseCXc_tKFyyYaScMYccfU_
FNDA:0,$s6RNRive27HybridViewModelListPropertyC13addInstanceAt8instance5indexSbAA0bcdH13Spec_protocol_AA0bcdhL5_baseCXc_SdtKF
FNDA:0,$s6RNRive27HybridViewModelListPropertyC13addInstanceAt8instance5indexSbAA0bcdH13Spec_protocol_AA0bcdhL5_baseCXc_SdtKFyyYaScMYccfU_
FNDA:0,$s6RNRive27HybridViewModelListPropertyC14removeInstance8instanceyAA0bcdH13Spec_protocol_AA0bcdhJ5_baseCXc_tKF
FNDA:0,$s6RNRive27HybridViewModelListPropertyC14removeInstance8instanceyAA0bcdH13Spec_protocol_AA0bcdhJ5_baseCXc_tKFyyYaScMYccfU_
FNDA:0,$s6RNRive27HybridViewModelListPropertyC16removeInstanceAt5indexySd_tKF
FNDA:0,$s6RNRive27HybridViewModelListPropertyC16removeInstanceAt5indexySd_tKFyyYaScMYccfU_
FNDA:0,$s6RNRive27HybridViewModelListPropertyC4swap6index16index2SbSd_SdtKF
FNDA:0,$s6RNRive27HybridViewModelListPropertyC4swap6index16index2SbSd_SdtKFyyYaScMYccfU_
FNDA:0,$s6RNRive27HybridViewModelListPropertyC16addInstanceAsync8instance12NitroModules7PromiseCyytGAA0bcdH13Spec_protocol_AA0bcdhN5_baseCXc_tKF
FNDA:0,$s6RNRive27HybridViewModelListPropertyC16addInstanceAsync8instance12NitroModules7PromiseCyytGAA0bcdH13Spec_protocol_AA0bcdhN5_baseCXc_tKFyyYaScMYccfU_
FNDA:0,$s6RNRive27HybridViewModelListPropertyC18addInstanceAtAsync8instance5index12NitroModules7PromiseCyytGAA0bcdH13Spec_protocol_AA0bcdhP5_baseCXc_SdtKF
FNDA:0,$s6RNRive27HybridViewModelListPropertyC18addInstanceAtAsync8instance5index12NitroModules7PromiseCyytGAA0bcdH13Spec_protocol_AA0bcdhP5_baseCXc_SdtKFyyYaScMYccfU_
FNDA:0,$s6RNRive27HybridViewModelListPropertyC19removeInstanceAsync8instance12NitroModules7PromiseCyytGAA0bcdH13Spec_protocol_AA0bcdhN5_baseCXc_tKF
FNDA:0,$s6RNRive27HybridViewModelListPropertyC19removeInstanceAsync8instance12NitroModules7PromiseCyytGAA0bcdH13Spec_protocol_AA0bcdhN5_baseCXc_tKFyyYaScMYccfU_
FNDA:0,$s6RNRive27HybridViewModelListPropertyC21removeInstanceAtAsync5index12NitroModules7PromiseCyytGSd_tKF
FNDA:0,$s6RNRive27HybridViewModelListPropertyC21removeInstanceAtAsync5index12NitroModules7PromiseCyytGSd_tKFyyYaScMYccfU_
FNDA:0,$s6RNRive27HybridViewModelListPropertyC9swapAsync6index16index212NitroModules7PromiseCyytGSd_SdtKF
FNDA:0,$s6RNRive27HybridViewModelListPropertyC9swapAsync6index16index212NitroModules7PromiseCyytGSd_SdtKFyyYaScMYccfU_
FNDA:0,$s6RNRive27HybridViewModelListPropertyC11addListener9onChangedyycyyc_tKF
FNDA:0,$s6RNRive27HybridViewModelListPropertyC11addListener9onChangedyycyyc_tKFyycfU_
FNDA:0,$s6RNRive27HybridViewModelListPropertyC15removeListenersyyKF
FNDA:0,$s6RNRive27HybridViewModelListPropertyC15removeListenersyyKFyScTyyts5NeverOGXEfU_
FNDA:0,$s6RNRive27HybridViewModelListPropertyC7disposeyyKF
FNDA:0,$s6RNRive27HybridViewModelListPropertyCfd
FNDA:0,$s6RNRive27HybridViewModelListPropertyCfdyScTyyts5NeverOGXEfU_
FNF:38
FNH:0
DA:8,0
DA:12,0
DA:13,0
DA:14,0
DA:15,0
DA:16,0
DA:17,0
DA:20,0
DA:21,0
DA:22,0
DA:23,0
DA:24,0
DA:25,0
DA:26,0
DA:27,0
DA:28,0
DA:29,0
DA:30,0
DA:32,0
DA:33,0
DA:34,0
DA:35,0
DA:36,0
DA:37,0
DA:38,0
DA:40,0
DA:41,0
DA:42,0
DA:43,0
DA:46,0
DA:47,0
DA:48,0
DA:49,0
DA:51,0
DA:52,0
DA:53,0
DA:56,0
DA:57,0
DA:58,0
DA:59,0
DA:60,0
DA:61,0
DA:62,0
DA:63,0
DA:64,0
DA:65,0
DA:66,0
DA:67,0
DA:70,0
DA:71,0
DA:72,0
DA:73,0
DA:74,0
DA:75,0
DA:76,0
DA:77,0
DA:78,0
DA:79,0
DA:80,0
DA:81,0
DA:82,0
DA:83,0
DA:86,0
DA:87,0
DA:88,0
DA:89,0
DA:90,0
DA:91,0
DA:92,0
DA:93,0
DA:94,0
DA:95,0
DA:96,0
DA:97,0
DA:100,0
DA:101,0
DA:102,0
DA:103,0
DA:104,0
DA:105,0
DA:106,0
DA:107,0
DA:108,0
DA:111,0
DA:112,0
DA:113,0
DA:114,0
DA:115,0
DA:116,0
DA:117,0
DA:118,0
DA:119,0
DA:120,0
DA:121,0
DA:123,0
DA:124,0
DA:125,0
DA:126,0
DA:127,0
DA:128,0
DA:129,0
DA:130,0
DA:131,0
DA:132,0
DA:133,0
DA:135,0
DA:136,0
DA:137,0
DA:138,0
DA:139,0
DA:140,0
DA:141,0
DA:142,0
DA:143,0
DA:144,0
DA:145,0
DA:146,0
DA:148,0
DA:149,0
DA:150,0
DA:151,0
DA:152,0
DA:153,0
DA:154,0
DA:155,0
DA:156,0
DA:157,0
DA:158,0
DA:160,0
DA:161,0
DA:162,0
DA:163,0
DA:164,0
DA:165,0
DA:166,0
DA:167,0
DA:169,0
DA:170,0
DA:171,0
DA:172,0
DA:173,0
DA:174,0
DA:175,0
DA:176,0
DA:177,0
DA:179,0
DA:180,0
DA:181,0
DA:182,0
DA:183,0
DA:185,0
DA:186,0
DA:187,0
DA:188,0
DA:190,0
DA:191,0
DA:192,0
DA:194,0
DA:195,0
DA:196,0
BRF:0
BRH:0
LF:201
LH:0
end_of_record
SF:/Users/boga/Work/Margelo/Rive/rive-nitro-react-native-ios-experimental/ios/new/HybridRiveFile.swift
FN:8,$s6RNRive14HybridRiveFileCACycfc
FN:12,$s6RNRive14HybridRiveFileC4file6workerAC0C7Runtime0D0C_AF6WorkerCtcfc
FN:18,$s6RNRive14HybridRiveFileC14viewModelCountSdSgvg
FN:22,$s6RNRive14HybridRiveFileC14viewModelCountSdSgvgSaySSGyYaKScMYccfU_
FN:30,$s6RNRive14HybridRiveFileC22getViewModelNamesAsync12NitroModules7PromiseCySaySSGGyKF
FN:32,$s6RNRive14HybridRiveFileC22getViewModelNamesAsync12NitroModules7PromiseCySaySSGGyKFAHyYaKcfU_
FN:38,$s6RNRive14HybridRiveFileC16viewModelByIndex5indexAA0b4ViewF13Spec_protocol_AA0bjfK5_baseCXcSgSd_tKF
FN:41,$s6RNRive14HybridRiveFileC16viewModelByIndex5indexAA0b4ViewF13Spec_protocol_AA0bjfK5_baseCXcSgSd_tKFAIyYaKScMYccfU_
FN:44,$s6RNRive14HybridRiveFileC16viewModelByIndex5indexAA0b4ViewF13Spec_protocol_AA0bjfK5_baseCXcSgSd_tKFAIyYaKScMYccfU_SbyKXEfu_
FN:49,$s6RNRive14HybridRiveFileC19viewModelByNameImpl33_966FAF6CE2E8A865BD5AFECAAAEAAC2CLL4name8validateAA0b4ViewF13Spec_protocol_AA0brfS5_baseCXcSgSS_SbtYaKF
FN:59,$s6RNRive14HybridRiveFileC15viewModelByName4nameAA0b4ViewF13Spec_protocol_AA0bjfK5_baseCXcSgSS_tKF
FN:61,$s6RNRive14HybridRiveFileC15viewModelByName4nameAA0b4ViewF13Spec_protocol_AA0bjfK5_baseCXcSgSS_tKFAIyYaKScMYccfU_
FN:64,$s6RNRive14HybridRiveFileC20viewModelByNameAsync4name8validate12NitroModules7PromiseCyAA0b4ViewF13Spec_protocol_AA0bofP5_baseCXcSgGSS_SbSgtKF
FN:65,$s6RNRive14HybridRiveFileC20viewModelByNameAsync4name8validate12NitroModules7PromiseCyAA0b4ViewF13Spec_protocol_AA0bofP5_baseCXcSgGSS_SbSgtKFSbyKXEfu_
FN:66,$s6RNRive14HybridRiveFileC20viewModelByNameAsync4name8validate12NitroModules7PromiseCyAA0b4ViewF13Spec_protocol_AA0bofP5_baseCXcSgGSS_SbSgtKFAMyYaKcfU_
FN:69,$s6RNRive14HybridRiveFileC28defaultArtboardViewModelImpl33_966FAF6CE2E8A865BD5AFECAAAEAAC2CLL10artboardByAA0bgH13Spec_protocol_AA0bghR5_baseCXcSgSo7margeloO5nitroO4riveO0fQ0VSg_tYaKF
FN:80,$s6RNRive14HybridRiveFileC28defaultArtboardViewModelImpl33_966FAF6CE2E8A865BD5AFECAAAEAAC2CLL10artboardByAA0bgH13Spec_protocol_AA0bghR5_baseCXcSgSo7margeloO5nitroO4riveO0fQ0VSg_tYaKFSbyKXEfu_
FN:95,$s6RNRive14HybridRiveFileC24defaultArtboardViewModel10artboardByAA0bgH13Spec_protocol_AA0bghK5_baseCXcSgSo7margeloO5nitroO4riveO0fJ0VSg_tKF
FN:97,$s6RNRive14HybridRiveFileC24defaultArtboardViewModel10artboardByAA0bgH13Spec_protocol_AA0bghK5_baseCXcSgSo7margeloO5nitroO4riveO0fJ0VSg_tKFAIyYaKScMYccfU_
FN:100,$s6RNRive14HybridRiveFileC29defaultArtboardViewModelAsync10artboardBy12NitroModules7PromiseCyAA0bgH13Spec_protocol_AA0bghO5_baseCXcSgGSo7margeloO5nitroO4riveO0fK0VSg_tKF
FN:101,$s6RNRive14HybridRiveFileC29defaultArtboardViewModelAsync10artboardBy12NitroModules7PromiseCyAA0bgH13Spec_protocol_AA0bghO5_baseCXcSgGSo7margeloO5nitroO4riveO0fK0VSg_tKFALyYaKcfU_
FN:105,$s6RNRive14HybridRiveFileC13artboardCountSdvg
FN:109,$s6RNRive14HybridRiveFileC13artboardCountSdvgSaySSGyYaKScMYccfU_
FN:117,$s6RNRive14HybridRiveFileC21getArtboardCountAsync12NitroModules7PromiseCySdGyKF
FN:119,$s6RNRive14HybridRiveFileC21getArtboardCountAsync12NitroModules7PromiseCySdGyKFSdyYaKcfU_
FN:126,$s6RNRive14HybridRiveFileC13artboardNamesSaySSGvg
FN:130,$s6RNRive14HybridRiveFileC13artboardNamesSaySSGvgAEyYaKScMYccfU_
FN:137,$s6RNRive14HybridRiveFileC21getArtboardNamesAsync12NitroModules7PromiseCySaySSGGyKF
FN:139,$s6RNRive14HybridRiveFileC21getArtboardNamesAsync12NitroModules7PromiseCySaySSGGyKFAHyYaKcfU_
FN:144,$s6RNRive14HybridRiveFileC19getBindableArtboard4nameAA0bfG13Spec_protocol_AA0bfgI5_baseCXcSS_tKF
FN:151,$s6RNRive14HybridRiveFileC22updateReferencedAssets010referencedG0ySo7margeloO5nitroO4riveO0fG4TypeV_tF
FN:155,$s6RNRive14HybridRiveFileC8getEnums12NitroModules7PromiseCySaySo7margeloO5nitroO4riveO0C14EnumDefinitionVGGyKF
FN:157,$s6RNRive14HybridRiveFileC8getEnums12NitroModules7PromiseCySaySo7margeloO5nitroO4riveO0C14EnumDefinitionVGGyKFAPyYaKcfU_
FN:159,$s6RNRive14HybridRiveFileC8getEnums12NitroModules7PromiseCySaySo7margeloO5nitroO4riveO0C14EnumDefinitionVGGyKFAPyYaKcfU_AO0C7Runtime09ViewModelM0VXEfU_
FN:165,$s6RNRive14HybridRiveFileC7disposeyyF
FN:170,$s6RNRive14HybridRiveFileCfd
FNDA:0,$s6RNRive14HybridRiveFileCACycfc
FNDA:0,$s6RNRive14HybridRiveFileC4file6workerAC0C7Runtime0D0C_AF6WorkerCtcfc
FNDA:0,$s6RNRive14HybridRiveFileC14viewModelCountSdSgvg
FNDA:0,$s6RNRive14HybridRiveFileC14viewModelCountSdSgvgSaySSGyYaKScMYccfU_
FNDA:0,$s6RNRive14HybridRiveFileC22getViewModelNamesAsync12NitroModules7PromiseCySaySSGGyKF
FNDA:0,$s6RNRive14HybridRiveFileC22getViewModelNamesAsync12NitroModules7PromiseCySaySSGGyKFAHyYaKcfU_
FNDA:0,$s6RNRive14HybridRiveFileC16viewModelByIndex5indexAA0b4ViewF13Spec_protocol_AA0bjfK5_baseCXcSgSd_tKF
FNDA:0,$s6RNRive14HybridRiveFileC16viewModelByIndex5indexAA0b4ViewF13Spec_protocol_AA0bjfK5_baseCXcSgSd_tKFAIyYaKScMYccfU_
FNDA:0,$s6RNRive14HybridRiveFileC16viewModelByIndex5indexAA0b4ViewF13Spec_protocol_AA0bjfK5_baseCXcSgSd_tKFAIyYaKScMYccfU_SbyKXEfu_
FNDA:0,$s6RNRive14HybridRiveFileC19viewModelByNameImpl33_966FAF6CE2E8A865BD5AFECAAAEAAC2CLL4name8validateAA0b4ViewF13Spec_protocol_AA0brfS5_baseCXcSgSS_SbtYaKF
FNDA:0,$s6RNRive14HybridRiveFileC15viewModelByName4nameAA0b4ViewF13Spec_protocol_AA0bjfK5_baseCXcSgSS_tKF
FNDA:0,$s6RNRive14HybridRiveFileC15viewModelByName4nameAA0b4ViewF13Spec_protocol_AA0bjfK5_baseCXcSgSS_tKFAIyYaKScMYccfU_
FNDA:0,$s6RNRive14HybridRiveFileC20viewModelByNameAsync4name8validate12NitroModules7PromiseCyAA0b4ViewF13Spec_protocol_AA0bofP5_baseCXcSgGSS_SbSgtKF
FNDA:0,$s6RNRive14HybridRiveFileC20viewModelByNameAsync4name8validate12NitroModules7PromiseCyAA0b4ViewF13Spec_protocol_AA0bofP5_baseCXcSgGSS_SbSgtKFSbyKXEfu_
FNDA:0,$s6RNRive14HybridRiveFileC20viewModelByNameAsync4name8validate12NitroModules7PromiseCyAA0b4ViewF13Spec_protocol_AA0bofP5_baseCXcSgGSS_SbSgtKFAMyYaKcfU_
FNDA:0,$s6RNRive14HybridRiveFileC28defaultArtboardViewModelImpl33_966FAF6CE2E8A865BD5AFECAAAEAAC2CLL10artboardByAA0bgH13Spec_protocol_AA0bghR5_baseCXcSgSo7margeloO5nitroO4riveO0fQ0VSg_tYaKF
FNDA:0,$s6RNRive14HybridRiveFileC28defaultArtboardViewModelImpl33_966FAF6CE2E8A865BD5AFECAAAEAAC2CLL10artboardByAA0bgH13Spec_protocol_AA0bghR5_baseCXcSgSo7margeloO5nitroO4riveO0fQ0VSg_tYaKFSbyKXEfu_
FNDA:0,$s6RNRive14HybridRiveFileC24defaultArtboardViewModel10artboardByAA0bgH13Spec_protocol_AA0bghK5_baseCXcSgSo7margeloO5nitroO4riveO0fJ0VSg_tKF
FNDA:0,$s6RNRive14HybridRiveFileC24defaultArtboardViewModel10artboardByAA0bgH13Spec_protocol_AA0bghK5_baseCXcSgSo7margeloO5nitroO4riveO0fJ0VSg_tKFAIyYaKScMYccfU_
FNDA:0,$s6RNRive14HybridRiveFileC29defaultArtboardViewModelAsync10artboardBy12NitroModules7PromiseCyAA0bgH13Spec_protocol_AA0bghO5_baseCXcSgGSo7margeloO5nitroO4riveO0fK0VSg_tKF
FNDA:0,$s6RNRive14HybridRiveFileC29defaultArtboardViewModelAsync10artboardBy12NitroModules7PromiseCyAA0bgH13Spec_protocol_AA0bghO5_baseCXcSgGSo7margeloO5nitroO4riveO0fK0VSg_tKFALyYaKcfU_
FNDA:0,$s6RNRive14HybridRiveFileC13artboardCountSdvg
FNDA:0,$s6RNRive14HybridRiveFileC13artboardCountSdvgSaySSGyYaKScMYccfU_
FNDA:0,$s6RNRive14HybridRiveFileC21getArtboardCountAsync12NitroModules7PromiseCySdGyKF
FNDA:0,$s6RNRive14HybridRiveFileC21getArtboardCountAsync12NitroModules7PromiseCySdGyKFSdyYaKcfU_
FNDA:0,$s6RNRive14HybridRiveFileC13artboardNamesSaySSGvg
FNDA:0,$s6RNRive14HybridRiveFileC13artboardNamesSaySSGvgAEyYaKScMYccfU_
FNDA:0,$s6RNRive14HybridRiveFileC21getArtboardNamesAsync12NitroModules7PromiseCySaySSGGyKF
FNDA:0,$s6RNRive14HybridRiveFileC21getArtboardNamesAsync12NitroModules7PromiseCySaySSGGyKFAHyYaKcfU_
FNDA:0,$s6RNRive14HybridRiveFileC19getBindableArtboard4nameAA0bfG13Spec_protocol_AA0bfgI5_baseCXcSS_tKF
FNDA:0,$s6RNRive14HybridRiveFileC22updateReferencedAssets010referencedG0ySo7margeloO5nitroO4riveO0fG4TypeV_tF
FNDA:0,$s6RNRive14HybridRiveFileC8getEnums12NitroModules7PromiseCySaySo7margeloO5nitroO4riveO0C14EnumDefinitionVGGyKF
FNDA:0,$s6RNRive14HybridRiveFileC8getEnums12NitroModules7PromiseCySaySo7margeloO5nitroO4riveO0C14EnumDefinitionVGGyKFAPyYaKcfU_
FNDA:0,$s6RNRive14HybridRiveFileC8getEnums12NitroModules7PromiseCySaySo7margeloO5nitroO4riveO0C14EnumDefinitionVGGyKFAPyYaKcfU_AO0C7Runtime09ViewModelM0VXEfU_
FNDA:0,$s6RNRive14HybridRiveFileC7disposeyyF
FNDA:0,$s6RNRive14HybridRiveFileCfd
FNF:36
FNH:0
DA:8,0
DA:9,0
DA:10,0
DA:12,0
DA:13,0
DA:14,0
DA:15,0
DA:18,0
DA:19,0
DA:20,0
DA:21,0
DA:22,0
DA:23,0
DA:24,0
DA:25,0
DA:26,0
DA:27,0
DA:28,0
DA:30,0
DA:31,0
DA:32,0
DA:33,0
DA:34,0
DA:35,0
DA:38,0
DA:39,0
DA:40,0
DA:41,0
DA:42,0
DA:43,0
DA:44,0
DA:45,0
DA:46,0
DA:47,0
DA:49,0
DA:50,0
DA:51,0
DA:52,0
DA:53,0
DA:54,0
DA:55,0
DA:56,0
DA:59,0
DA:60,0
DA:61,0
DA:62,0
DA:64,0
DA:65,0
DA:66,0
DA:67,0
DA:69,0
DA:70,0
DA:71,0
DA:72,0
DA:73,0
DA:74,0
DA:75,0
DA:76,0
DA:77,0
DA:78,0
DA:79,0
DA:80,0
DA:81,0
DA:82,0
DA:83,0
DA:84,0
DA:85,0
DA:86,0
DA:87,0
DA:88,0
DA:89,0
DA:90,0
DA:91,0
DA:92,0
DA:95,0
DA:96,0
DA:97,0
DA:98,0
DA:100,0
DA:101,0
DA:102,0
DA:105,0
DA:106,0
DA:107,0
DA:108,0
DA:109,0
DA:110,0
DA:111,0
DA:112,0
DA:113,0
DA:114,0
DA:115,0
DA:117,0
DA:118,0
DA:119,0
DA:120,0
DA:121,0
DA:122,0
DA:123,0
DA:126,0
DA:127,0
DA:128,0
DA:129,0
DA:130,0
DA:131,0
DA:132,0
DA:133,0
DA:134,0
DA:135,0
DA:137,0
DA:138,0
DA:139,0
DA:140,0
DA:141,0
DA:142,0
DA:144,0
DA:145,0
DA:146,0
DA:147,0
DA:148,0
DA:149,0
DA:151,0
DA:152,0
DA:153,0
DA:155,0
DA:156,0
DA:157,0
DA:158,0
DA:159,0
DA:160,0
DA:161,0
DA:162,0
DA:163,0
DA:165,0
DA:166,0
DA:167,0
DA:168,0
DA:170,0
DA:171,0
DA:172,0
BRF:0
BRH:0
LF:175
LH:0
end_of_record
SF:/Users/boga/Work/Margelo/Rive/rive-nitro-react-native-ios-experimental/ios/DataSource.swift
FN:10,$s6RNRive10DataSourceO7fromURLyAC10Foundation0E0VFZ
FN:14,$s6RNRive10DataSourceO7fromURL6stringACSS_tKFZ
FN:21,$s6RNRive10DataSourceO6bundle17nameWithExtensionACSS_tFZ
FN:27,$s6RNRive10DataSourceO5bytes4fromACSo7margeloO5nitroO17ArrayBufferHolderV_tFZ
FN:31,$s6RNRive10DataSourceO12createLoaderAA0bE0_pyF
FNDA:0,$s6RNRive10DataSourceO7fromURLyAC10Foundation0E0VFZ
FNDA:0,$s6RNRive10DataSourceO7fromURL6stringACSS_tKFZ
FNDA:0,$s6RNRive10DataSourceO6bundle17nameWithExtensionACSS_tFZ
FNDA:0,$s6RNRive10DataSourceO5bytes4fromACSo7margeloO5nitroO17ArrayBufferHolderV_tFZ
FNDA:0,$s6RNRive10DataSourceO12createLoaderAA0bE0_pyF
FNF:5
FNH:0
DA:10,0
DA:11,0
DA:12,0
DA:14,0
DA:15,0
DA:16,0
DA:17,0
DA:18,0
DA:19,0
DA:21,0
DA:22,0
DA:23,0
DA:24,0
DA:25,0
DA:27,0
DA:28,0
DA:29,0
DA:31,0
DA:32,0
DA:33,0
DA:34,0
DA:35,0
DA:36,0
DA:37,0
DA:38,0
DA:39,0
DA:40,0
DA:41,0
DA:42,0
BRF:0
BRH:0
LF:29
LH:0
end_of_record
SF:/Users/boga/Work/Margelo/Rive/rive-nitro-react-native-ios-experimental/ios/Utils.swift
FN:4,$s6RNRive4WeakCyACyxGxcfc
FN:12,$s6RNRive11SendableRefCyACyxGxcfc
FNDA:0,$s6RNRive4WeakCyACyxGxcfc
FNDA:0,$s6RNRive11SendableRefCyACyxGxcfc
FNF:2
FNH:0
DA:4,0
DA:5,0
DA:6,0
DA:12,0
DA:13,0
DA:14,0
BRF:0
BRH:0
LF:6
LH:0
end_of_record
SF:/Users/boga/Work/Margelo/Rive/rive-nitro-react-native-ios-experimental/ios/DataLoader.swift
FN:10,$s6RNRive15DataLoaderErrorO16errorDescriptionSSSgvg
FNDA:0,$s6RNRive15DataLoaderErrorO16errorDescriptionSSSgvg
FNF:1
FNH:0
DA:10,0
DA:11,0
DA:12,0
DA:13,0
DA:14,0
DA:15,0
DA:16,0
DA:17,0
DA:18,0
DA:19,0
DA:20,0
DA:21,0
DA:22,0
DA:23,0
BRF:0
BRH:0
LF:14
LH:0
end_of_record
SF:/Users/boga/Work/Margelo/Rive/rive-nitro-react-native-ios-experimental/ios/DeprecationWarning.swift
FN:4,$s6RNRive18DeprecationWarningO4warn_11replacementySS_SStFZ
FNDA:0,$s6RNRive18DeprecationWarningO4warn_11replacementySS_SStFZ
FNF:1
FNH:0
DA:4,0
DA:5,0
DA:6,0
DA:7,0
DA:8,0
DA:9,0
BRF:0
BRH:0
LF:6
LH:0
end_of_record
